listening on  8080
Mongoose disconnected
Mongoose connection error: MongooseServerSelectionError: Could not connect to any servers in your MongoDB Atlas cluster. One common reason is that you're trying to access the database from an IP that isn't whitelisted. Make sure your current IP address is on your Atlas cluster's IP whitelist: https://docs.atlas.mongodb.com/security-whitelist/
    at Connection.openUri (/home/ubuntu/tastely/backend/node_modules/mongoose/lib/connection.js:825:32)
    at /home/ubuntu/tastely/backend/node_modules/mongoose/lib/index.js:411:10
    at /home/ubuntu/tastely/backend/node_modules/mongoose/lib/helpers/promiseOrCallback.js:41:5
    at new Promise (<anonymous>)
    at promiseOrCallback (/home/ubuntu/tastely/backend/node_modules/mongoose/lib/helpers/promiseOrCallback.js:40:10)
    at Mongoose._promiseOrCallback (/home/ubuntu/tastely/backend/node_modules/mongoose/lib/index.js:1285:10)
    at Mongoose.connect (/home/ubuntu/tastely/backend/node_modules/mongoose/lib/index.js:410:20)
    at Object.<anonymous> (/home/ubuntu/tastely/backend/models/db.js:8:10)
    at Module._compile (node:internal/modules/cjs/loader:1376:14)
    at Module._extensions..js (node:internal/modules/cjs/loader:1435:10) {
  reason: TopologyDescription {
    type: 'ReplicaSetNoPrimary',
    servers: Map(3) {
      'ac-1mq73lg-shard-00-01.9zf4d5d.mongodb.net:27017' => [ServerDescription],
      'ac-1mq73lg-shard-00-02.9zf4d5d.mongodb.net:27017' => [ServerDescription],
      'ac-1mq73lg-shard-00-00.9zf4d5d.mongodb.net:27017' => [ServerDescription]
    },
    stale: false,
    compatible: true,
    heartbeatFrequencyMS: 10000,
    localThresholdMS: 15,
    setName: 'atlas-1zhlh3-shard-0',
    maxElectionId: null,
    maxSetVersion: null,
    commonWireVersion: 0,
    logicalSessionTimeoutMinutes: null
  },
  code: undefined
}
listening on  8080
listening on  8080
Mongoose disconnected
Mongoose connection error: MongooseServerSelectionError: Could not connect to any servers in your MongoDB Atlas cluster. One common reason is that you're trying to access the database from an IP that isn't whitelisted. Make sure your current IP address is on your Atlas cluster's IP whitelist: https://docs.atlas.mongodb.com/security-whitelist/
    at Connection.openUri (/home/ubuntu/tastely/backend/node_modules/mongoose/lib/connection.js:825:32)
    at /home/ubuntu/tastely/backend/node_modules/mongoose/lib/index.js:411:10
    at /home/ubuntu/tastely/backend/node_modules/mongoose/lib/helpers/promiseOrCallback.js:41:5
    at new Promise (<anonymous>)
    at promiseOrCallback (/home/ubuntu/tastely/backend/node_modules/mongoose/lib/helpers/promiseOrCallback.js:40:10)
    at Mongoose._promiseOrCallback (/home/ubuntu/tastely/backend/node_modules/mongoose/lib/index.js:1285:10)
    at Mongoose.connect (/home/ubuntu/tastely/backend/node_modules/mongoose/lib/index.js:410:20)
    at Object.<anonymous> (/home/ubuntu/tastely/backend/models/db.js:8:10)
    at Module._compile (node:internal/modules/cjs/loader:1376:14)
    at Module._extensions..js (node:internal/modules/cjs/loader:1435:10) {
  reason: TopologyDescription {
    type: 'ReplicaSetNoPrimary',
    servers: Map(3) {
      'ac-1mq73lg-shard-00-02.9zf4d5d.mongodb.net:27017' => [ServerDescription],
      'ac-1mq73lg-shard-00-01.9zf4d5d.mongodb.net:27017' => [ServerDescription],
      'ac-1mq73lg-shard-00-00.9zf4d5d.mongodb.net:27017' => [ServerDescription]
    },
    stale: false,
    compatible: true,
    heartbeatFrequencyMS: 10000,
    localThresholdMS: 15,
    setName: 'atlas-1zhlh3-shard-0',
    maxElectionId: null,
    maxSetVersion: null,
    commonWireVersion: 0,
    logicalSessionTimeoutMinutes: null
  },
  code: undefined
}
listening on  8080
Mongoose disconnected
Mongoose connection error: MongooseServerSelectionError: Could not connect to any servers in your MongoDB Atlas cluster. One common reason is that you're trying to access the database from an IP that isn't whitelisted. Make sure your current IP address is on your Atlas cluster's IP whitelist: https://docs.atlas.mongodb.com/security-whitelist/
    at Connection.openUri (/home/ubuntu/tastely/backend/node_modules/mongoose/lib/connection.js:825:32)
    at /home/ubuntu/tastely/backend/node_modules/mongoose/lib/index.js:411:10
    at /home/ubuntu/tastely/backend/node_modules/mongoose/lib/helpers/promiseOrCallback.js:41:5
    at new Promise (<anonymous>)
    at promiseOrCallback (/home/ubuntu/tastely/backend/node_modules/mongoose/lib/helpers/promiseOrCallback.js:40:10)
    at Mongoose._promiseOrCallback (/home/ubuntu/tastely/backend/node_modules/mongoose/lib/index.js:1285:10)
    at Mongoose.connect (/home/ubuntu/tastely/backend/node_modules/mongoose/lib/index.js:410:20)
    at Object.<anonymous> (/home/ubuntu/tastely/backend/models/db.js:8:10)
    at Module._compile (node:internal/modules/cjs/loader:1376:14)
    at Module._extensions..js (node:internal/modules/cjs/loader:1435:10) {
  reason: TopologyDescription {
    type: 'ReplicaSetNoPrimary',
    servers: Map(3) {
      'ac-1mq73lg-shard-00-01.9zf4d5d.mongodb.net:27017' => [ServerDescription],
      'ac-1mq73lg-shard-00-02.9zf4d5d.mongodb.net:27017' => [ServerDescription],
      'ac-1mq73lg-shard-00-00.9zf4d5d.mongodb.net:27017' => [ServerDescription]
    },
    stale: false,
    compatible: true,
    heartbeatFrequencyMS: 10000,
    localThresholdMS: 15,
    setName: 'atlas-1zhlh3-shard-0',
    maxElectionId: null,
    maxSetVersion: null,
    commonWireVersion: 0,
    logicalSessionTimeoutMinutes: null
  },
  code: undefined
}
listening on  8080
Mongoose disconnected
Mongoose connection error: MongooseServerSelectionError: Could not connect to any servers in your MongoDB Atlas cluster. One common reason is that you're trying to access the database from an IP that isn't whitelisted. Make sure your current IP address is on your Atlas cluster's IP whitelist: https://docs.atlas.mongodb.com/security-whitelist/
    at Connection.openUri (/home/ubuntu/tastely/backend/node_modules/mongoose/lib/connection.js:825:32)
    at /home/ubuntu/tastely/backend/node_modules/mongoose/lib/index.js:411:10
    at /home/ubuntu/tastely/backend/node_modules/mongoose/lib/helpers/promiseOrCallback.js:41:5
    at new Promise (<anonymous>)
    at promiseOrCallback (/home/ubuntu/tastely/backend/node_modules/mongoose/lib/helpers/promiseOrCallback.js:40:10)
    at Mongoose._promiseOrCallback (/home/ubuntu/tastely/backend/node_modules/mongoose/lib/index.js:1285:10)
    at Mongoose.connect (/home/ubuntu/tastely/backend/node_modules/mongoose/lib/index.js:410:20)
    at Object.<anonymous> (/home/ubuntu/tastely/backend/models/db.js:8:10)
    at Module._compile (node:internal/modules/cjs/loader:1376:14)
    at Module._extensions..js (node:internal/modules/cjs/loader:1435:10) {
  reason: TopologyDescription {
    type: 'ReplicaSetNoPrimary',
    servers: Map(3) {
      'ac-1mq73lg-shard-00-02.9zf4d5d.mongodb.net:27017' => [ServerDescription],
      'ac-1mq73lg-shard-00-00.9zf4d5d.mongodb.net:27017' => [ServerDescription],
      'ac-1mq73lg-shard-00-01.9zf4d5d.mongodb.net:27017' => [ServerDescription]
    },
    stale: false,
    compatible: true,
    heartbeatFrequencyMS: 10000,
    localThresholdMS: 15,
    setName: 'atlas-1zhlh3-shard-0',
    maxElectionId: null,
    maxSetVersion: null,
    commonWireVersion: 0,
    logicalSessionTimeoutMinutes: null
  },
  code: undefined
}
listening on  8080
Mongoose disconnected
Mongoose connection error: MongooseServerSelectionError: Could not connect to any servers in your MongoDB Atlas cluster. One common reason is that you're trying to access the database from an IP that isn't whitelisted. Make sure your current IP address is on your Atlas cluster's IP whitelist: https://docs.atlas.mongodb.com/security-whitelist/
    at Connection.openUri (/home/ubuntu/tastely/backend/node_modules/mongoose/lib/connection.js:825:32)
    at /home/ubuntu/tastely/backend/node_modules/mongoose/lib/index.js:411:10
    at /home/ubuntu/tastely/backend/node_modules/mongoose/lib/helpers/promiseOrCallback.js:41:5
    at new Promise (<anonymous>)
    at promiseOrCallback (/home/ubuntu/tastely/backend/node_modules/mongoose/lib/helpers/promiseOrCallback.js:40:10)
    at Mongoose._promiseOrCallback (/home/ubuntu/tastely/backend/node_modules/mongoose/lib/index.js:1285:10)
    at Mongoose.connect (/home/ubuntu/tastely/backend/node_modules/mongoose/lib/index.js:410:20)
    at Object.<anonymous> (/home/ubuntu/tastely/backend/models/db.js:8:10)
    at Module._compile (node:internal/modules/cjs/loader:1376:14)
    at Module._extensions..js (node:internal/modules/cjs/loader:1435:10) {
  reason: TopologyDescription {
    type: 'ReplicaSetNoPrimary',
    servers: Map(3) {
      'ac-1mq73lg-shard-00-02.9zf4d5d.mongodb.net:27017' => [ServerDescription],
      'ac-1mq73lg-shard-00-00.9zf4d5d.mongodb.net:27017' => [ServerDescription],
      'ac-1mq73lg-shard-00-01.9zf4d5d.mongodb.net:27017' => [ServerDescription]
    },
    stale: false,
    compatible: true,
    heartbeatFrequencyMS: 10000,
    localThresholdMS: 15,
    setName: 'atlas-1zhlh3-shard-0',
    maxElectionId: null,
    maxSetVersion: null,
    commonWireVersion: 0,
    logicalSessionTimeoutMinutes: null
  },
  code: undefined
}
listening on  8080
Mongoose connected to mongodb+srv://hiroki:jiujitsu1love@cluster0.wv4ehnh.mongodb.net/?retryWrites=true&w=majority
listening on  8080
Mongoose connected to mongodb+srv://hiroki:jiujitsu1love@cluster0.wv4ehnh.mongodb.net/?retryWrites=true&w=majority
Mongoose disconnected
Mongoose connected to mongodb+srv://hiroki:jiujitsu1love@cluster0.wv4ehnh.mongodb.net/?retryWrites=true&w=majority
Mongoose disconnected
Mongoose connected to mongodb+srv://hiroki:jiujitsu1love@cluster0.wv4ehnh.mongodb.net/?retryWrites=true&w=majority
listening on  8080
Mongoose connected to mongodb+srv://hiroki:jiujitsu1love@cluster0.wv4ehnh.mongodb.net/?retryWrites=true&w=majority
listening on  8080
Mongoose connected to mongodb+srv://hiroki:jiujitsu1love@cluster0.wv4ehnh.mongodb.net/?retryWrites=true&w=majority
listening on  8080
Mongoose connected to mongodb+srv://hiroki:jiujitsu1love@cluster0.wv4ehnh.mongodb.net/?retryWrites=true&w=majority
listening on  8080
Mongoose connected to mongodb+srv://hiroki:jiujitsu1love@cluster0.wv4ehnh.mongodb.net/?retryWrites=true&w=majority
listening on  8080
Mongoose connected to mongodb+srv://hiroki:jiujitsu1love@cluster0.wv4ehnh.mongodb.net/?retryWrites=true&w=majority
listening on  8080
Mongoose connected to mongodb+srv://hiroki:jiujitsu1love@cluster0.wv4ehnh.mongodb.net/?retryWrites=true&w=majority
listening on  8080
Mongoose connected to mongodb+srv://hiroki:jiujitsu1love@cluster0.wv4ehnh.mongodb.net/?retryWrites=true&w=majority
listening on  8080
Mongoose connected to mongodb+srv://hiroki:jiujitsu1love@cluster0.wv4ehnh.mongodb.net/?retryWrites=true&w=majority
listening on  8080
Mongoose connected to mongodb+srv://hiroki:jiujitsu1love@cluster0.wv4ehnh.mongodb.net/?retryWrites=true&w=majority
listening on  8080
Mongoose connected to mongodb+srv://hiroki:jiujitsu1love@cluster0.wv4ehnh.mongodb.net/?retryWrites=true&w=majority
listening on  8080
Mongoose connected to mongodb+srv://hiroki:jiujitsu1love@cluster0.wv4ehnh.mongodb.net/?retryWrites=true&w=majority
listening on  8080
Mongoose connected to mongodb+srv://hiroki:jiujitsu1love@cluster0.wv4ehnh.mongodb.net/?retryWrites=true&w=majority
listening on  8080
Mongoose connected to mongodb+srv://hiroki:jiujitsu1love@cluster0.wv4ehnh.mongodb.net/?retryWrites=true&w=majority
listening on  8080
Mongoose connected to mongodb+srv://hiroki:jiujitsu1love@cluster0.wv4ehnh.mongodb.net/?retryWrites=true&w=majority
listening on  8080
Mongoose connected to mongodb+srv://hiroki:jiujitsu1love@cluster0.wv4ehnh.mongodb.net/?retryWrites=true&w=majority
listening on  8080
Mongoose connected to mongodb+srv://hiroki:jiujitsu1love@cluster0.wv4ehnh.mongodb.net/?retryWrites=true&w=majority
listening on  8080
Mongoose connected to mongodb+srv://hiroki:jiujitsu1love@cluster0.wv4ehnh.mongodb.net/?retryWrites=true&w=majority
listening on  8080
Mongoose connected to mongodb+srv://hiroki:jiujitsu1love@cluster0.wv4ehnh.mongodb.net/?retryWrites=true&w=majority
listening on  8080
Mongoose connected to mongodb+srv://hiroki:jiujitsu1love@cluster0.wv4ehnh.mongodb.net/?retryWrites=true&w=majority
Mongoose disconnected
Mongoose connected to mongodb+srv://hiroki:jiujitsu1love@cluster0.wv4ehnh.mongodb.net/?retryWrites=true&w=majority
Mongoose disconnected
Mongoose connected to mongodb+srv://hiroki:jiujitsu1love@cluster0.wv4ehnh.mongodb.net/?retryWrites=true&w=majority
listening on  8080
Mongoose connected to mongodb+srv://hiroki:jiujitsu1love@cluster0.wv4ehnh.mongodb.net/?retryWrites=true&w=majority
