2023-12-14T22:50:58: PM2 log: ===============================================================================
2023-12-14T22:50:58: PM2 log: --- New PM2 Daemon started ----------------------------------------------------
2023-12-14T22:50:58: PM2 log: Time                 : Thu Dec 14 2023 22:50:58 GMT+0000 (Coordinated Universal Time)
2023-12-14T22:50:58: PM2 log: PM2 version          : 5.3.0
2023-12-14T22:50:58: PM2 log: Node.js version      : 12.22.9
2023-12-14T22:50:58: PM2 log: Current arch         : x64
2023-12-14T22:50:58: PM2 log: PM2 home             : /home/ubuntu/.pm2
2023-12-14T22:50:58: PM2 log: PM2 PID file         : /home/ubuntu/.pm2/pm2.pid
2023-12-14T22:50:58: PM2 log: RPC socket file      : /home/ubuntu/.pm2/rpc.sock
2023-12-14T22:50:58: PM2 log: BUS socket file      : /home/ubuntu/.pm2/pub.sock
2023-12-14T22:50:58: PM2 log: Application log path : /home/ubuntu/.pm2/logs
2023-12-14T22:50:58: PM2 log: Worker Interval      : 30000
2023-12-14T22:50:58: PM2 log: Process dump file    : /home/ubuntu/.pm2/dump.pm2
2023-12-14T22:50:58: PM2 log: Concurrent actions   : 2
2023-12-14T22:50:58: PM2 log: SIGTERM timeout      : 1600
2023-12-14T22:50:58: PM2 log: ===============================================================================
2023-12-14T22:50:58: PM2 log: App [app:0] starting in -fork mode-
2023-12-14T22:50:58: PM2 log: App [app:0] online
2023-12-14T22:50:58: PM2 log: App [app:0] exited with code [1] via signal [SIGINT]
2023-12-14T22:50:58: PM2 log: App [app:0] starting in -fork mode-
2023-12-14T22:50:58: PM2 log: App [app:0] online
2023-12-14T22:50:58: PM2 log: App [app:0] exited with code [1] via signal [SIGINT]
2023-12-14T22:50:58: PM2 log: App [app:0] starting in -fork mode-
2023-12-14T22:50:58: PM2 log: App [app:0] online
2023-12-14T22:50:59: PM2 log: App [app:0] exited with code [1] via signal [SIGINT]
2023-12-14T22:50:59: PM2 log: App [app:0] starting in -fork mode-
2023-12-14T22:50:59: PM2 log: App [app:0] online
2023-12-14T22:50:59: PM2 log: App [app:0] exited with code [1] via signal [SIGINT]
2023-12-14T22:50:59: PM2 log: App [app:0] starting in -fork mode-
2023-12-14T22:50:59: PM2 log: App [app:0] online
2023-12-14T22:50:59: PM2 log: App [app:0] exited with code [1] via signal [SIGINT]
2023-12-14T22:50:59: PM2 log: App [app:0] starting in -fork mode-
2023-12-14T22:50:59: PM2 log: App [app:0] online
2023-12-14T22:51:00: PM2 log: App [app:0] exited with code [1] via signal [SIGINT]
2023-12-14T22:51:00: PM2 log: App [app:0] starting in -fork mode-
2023-12-14T22:51:00: PM2 log: App [app:0] online
2023-12-14T22:51:00: PM2 log: App [app:0] exited with code [1] via signal [SIGINT]
2023-12-14T22:51:00: PM2 log: App [app:0] starting in -fork mode-
2023-12-14T22:51:00: PM2 log: App [app:0] online
2023-12-14T22:51:00: PM2 log: App [app:0] exited with code [1] via signal [SIGINT]
2023-12-14T22:51:00: PM2 log: App [app:0] starting in -fork mode-
2023-12-14T22:51:00: PM2 log: App [app:0] online
2023-12-14T22:51:01: PM2 log: App [app:0] exited with code [1] via signal [SIGINT]
2023-12-14T22:51:01: PM2 log: App [app:0] starting in -fork mode-
2023-12-14T22:51:01: PM2 log: App [app:0] online
2023-12-14T22:51:01: PM2 log: App [app:0] exited with code [1] via signal [SIGINT]
2023-12-14T22:51:01: PM2 log: App [app:0] starting in -fork mode-
2023-12-14T22:51:01: PM2 log: App [app:0] online
2023-12-14T22:51:01: PM2 log: App [app:0] exited with code [1] via signal [SIGINT]
2023-12-14T22:51:01: PM2 log: App [app:0] starting in -fork mode-
2023-12-14T22:51:01: PM2 log: App [app:0] online
2023-12-14T22:51:02: PM2 log: App [app:0] exited with code [1] via signal [SIGINT]
2023-12-14T22:51:02: PM2 log: App [app:0] starting in -fork mode-
2023-12-14T22:51:02: PM2 log: App [app:0] online
2023-12-14T22:51:02: PM2 log: App [app:0] exited with code [1] via signal [SIGINT]
2023-12-14T22:51:02: PM2 log: App [app:0] starting in -fork mode-
2023-12-14T22:51:02: PM2 log: App [app:0] online
2023-12-14T22:51:02: PM2 log: App [app:0] exited with code [1] via signal [SIGINT]
2023-12-14T22:51:02: PM2 log: App [app:0] starting in -fork mode-
2023-12-14T22:51:02: PM2 log: App [app:0] online
2023-12-14T22:51:03: PM2 log: App [app:0] exited with code [1] via signal [SIGINT]
2023-12-14T22:51:03: PM2 log: App [app:0] starting in -fork mode-
2023-12-14T22:51:03: PM2 log: App [app:0] online
2023-12-14T22:51:03: PM2 log: App [app:0] exited with code [1] via signal [SIGINT]
2023-12-14T22:51:03: PM2 log: Script /home/ubuntu/tastely/backend/app.js had too many unstable restarts (16). Stopped. "errored"
2023-12-14T23:03:15: PM2 log: App [app:0] starting in -fork mode-
2023-12-14T23:03:15: PM2 log: App [app:0] online
2023-12-14T23:03:15: PM2 log: App [app:0] exited with code [1] via signal [SIGINT]
2023-12-14T23:03:15: PM2 log: App [app:0] starting in -fork mode-
2023-12-14T23:03:15: PM2 log: App [app:0] online
2023-12-14T23:03:16: PM2 log: App [app:0] exited with code [1] via signal [SIGINT]
2023-12-14T23:03:16: PM2 log: App [app:0] starting in -fork mode-
2023-12-14T23:03:16: PM2 log: App [app:0] online
2023-12-14T23:03:16: PM2 log: App [app:0] exited with code [1] via signal [SIGINT]
2023-12-14T23:03:16: PM2 log: App [app:0] starting in -fork mode-
2023-12-14T23:03:16: PM2 log: App [app:0] online
2023-12-14T23:03:17: PM2 log: App [app:0] exited with code [1] via signal [SIGINT]
2023-12-14T23:03:17: PM2 log: App [app:0] starting in -fork mode-
2023-12-14T23:03:17: PM2 log: App [app:0] online
2023-12-14T23:03:17: PM2 log: App [app:0] exited with code [1] via signal [SIGINT]
2023-12-14T23:03:17: PM2 log: App [app:0] starting in -fork mode-
2023-12-14T23:03:17: PM2 log: App [app:0] online
2023-12-14T23:03:17: PM2 log: App [app:0] exited with code [1] via signal [SIGINT]
2023-12-14T23:03:17: PM2 log: App [app:0] starting in -fork mode-
2023-12-14T23:03:17: PM2 log: App [app:0] online
2023-12-14T23:03:18: PM2 log: App [app:0] exited with code [1] via signal [SIGINT]
2023-12-14T23:03:18: PM2 log: App [app:0] starting in -fork mode-
2023-12-14T23:03:18: PM2 log: App [app:0] online
2023-12-14T23:03:18: PM2 log: App [app:0] exited with code [1] via signal [SIGINT]
2023-12-14T23:03:18: PM2 log: App [app:0] starting in -fork mode-
2023-12-14T23:03:18: PM2 log: App [app:0] online
2023-12-14T23:03:18: PM2 log: App [app:0] exited with code [1] via signal [SIGINT]
2023-12-14T23:03:18: PM2 log: App [app:0] starting in -fork mode-
2023-12-14T23:03:18: PM2 log: App [app:0] online
2023-12-14T23:03:19: PM2 log: App [app:0] exited with code [1] via signal [SIGINT]
2023-12-14T23:03:19: PM2 log: App [app:0] starting in -fork mode-
2023-12-14T23:03:19: PM2 log: App [app:0] online
2023-12-14T23:03:19: PM2 log: App [app:0] exited with code [1] via signal [SIGINT]
2023-12-14T23:03:19: PM2 log: App [app:0] starting in -fork mode-
2023-12-14T23:03:19: PM2 log: App [app:0] online
2023-12-14T23:03:19: PM2 log: App [app:0] exited with code [1] via signal [SIGINT]
2023-12-14T23:03:19: PM2 log: App [app:0] starting in -fork mode-
2023-12-14T23:03:19: PM2 log: App [app:0] online
2023-12-14T23:03:20: PM2 log: App [app:0] exited with code [1] via signal [SIGINT]
2023-12-14T23:03:20: PM2 log: App [app:0] starting in -fork mode-
2023-12-14T23:03:20: PM2 log: App [app:0] online
2023-12-14T23:03:20: PM2 log: App [app:0] exited with code [1] via signal [SIGINT]
2023-12-14T23:03:20: PM2 log: App [app:0] starting in -fork mode-
2023-12-14T23:03:20: PM2 log: App [app:0] online
2023-12-14T23:03:20: PM2 log: App [app:0] exited with code [1] via signal [SIGINT]
2023-12-14T23:03:20: PM2 log: App [app:0] starting in -fork mode-
2023-12-14T23:03:20: PM2 log: App [app:0] online
2023-12-14T23:03:21: PM2 log: App [app:0] exited with code [1] via signal [SIGINT]
2023-12-14T23:03:21: PM2 log: Script /home/ubuntu/tastely/backend/app.js had too many unstable restarts (16). Stopped. "errored"
2023-12-14T23:49:59: PM2 log: App [app:0] starting in -fork mode-
2023-12-14T23:49:59: PM2 log: App [app:0] online
2023-12-14T23:49:59: PM2 log: App [app:0] exited with code [1] via signal [SIGINT]
2023-12-14T23:49:59: PM2 log: App [app:0] starting in -fork mode-
2023-12-14T23:49:59: PM2 log: App [app:0] online
2023-12-14T23:50:00: PM2 log: App [app:0] exited with code [1] via signal [SIGINT]
2023-12-14T23:50:00: PM2 log: App [app:0] starting in -fork mode-
2023-12-14T23:50:00: PM2 log: App [app:0] online
2023-12-14T23:50:00: PM2 log: App [app:0] exited with code [1] via signal [SIGINT]
2023-12-14T23:50:00: PM2 log: App [app:0] starting in -fork mode-
2023-12-14T23:50:00: PM2 log: App [app:0] online
2023-12-14T23:50:00: PM2 log: App [app:0] exited with code [1] via signal [SIGINT]
2023-12-14T23:50:00: PM2 log: App [app:0] starting in -fork mode-
2023-12-14T23:50:00: PM2 log: App [app:0] online
2023-12-14T23:50:01: PM2 log: App [app:0] exited with code [1] via signal [SIGINT]
2023-12-14T23:50:01: PM2 log: App [app:0] starting in -fork mode-
2023-12-14T23:50:01: PM2 log: App [app:0] online
2023-12-14T23:50:01: PM2 log: App [app:0] exited with code [1] via signal [SIGINT]
2023-12-14T23:50:01: PM2 log: App [app:0] starting in -fork mode-
2023-12-14T23:50:01: PM2 log: App [app:0] online
2023-12-14T23:50:01: PM2 log: App [app:0] exited with code [1] via signal [SIGINT]
2023-12-14T23:50:01: PM2 log: App [app:0] starting in -fork mode-
2023-12-14T23:50:01: PM2 log: App [app:0] online
2023-12-14T23:50:02: PM2 log: App [app:0] exited with code [1] via signal [SIGINT]
2023-12-14T23:50:02: PM2 log: App [app:0] starting in -fork mode-
2023-12-14T23:50:02: PM2 log: App [app:0] online
2023-12-14T23:50:02: PM2 log: App [app:0] exited with code [1] via signal [SIGINT]
2023-12-14T23:50:02: PM2 log: App [app:0] starting in -fork mode-
2023-12-14T23:50:02: PM2 log: App [app:0] online
2023-12-14T23:50:03: PM2 log: App [app:0] exited with code [1] via signal [SIGINT]
2023-12-14T23:50:03: PM2 log: App [app:0] starting in -fork mode-
2023-12-14T23:50:03: PM2 log: App [app:0] online
2023-12-14T23:50:03: PM2 log: App [app:0] exited with code [1] via signal [SIGINT]
2023-12-14T23:50:03: PM2 log: App [app:0] starting in -fork mode-
2023-12-14T23:50:03: PM2 log: App [app:0] online
2023-12-14T23:50:03: PM2 log: App [app:0] exited with code [1] via signal [SIGINT]
2023-12-14T23:50:03: PM2 log: App [app:0] starting in -fork mode-
2023-12-14T23:50:03: PM2 log: App [app:0] online
2023-12-14T23:50:04: PM2 log: App [app:0] exited with code [1] via signal [SIGINT]
2023-12-14T23:50:04: PM2 log: App [app:0] starting in -fork mode-
2023-12-14T23:50:04: PM2 log: App [app:0] online
2023-12-14T23:50:04: PM2 log: App [app:0] exited with code [1] via signal [SIGINT]
2023-12-14T23:50:04: PM2 log: App [app:0] starting in -fork mode-
2023-12-14T23:50:04: PM2 log: App [app:0] online
2023-12-14T23:50:04: PM2 log: App [app:0] exited with code [1] via signal [SIGINT]
2023-12-14T23:50:04: PM2 log: App [app:0] starting in -fork mode-
2023-12-14T23:50:04: PM2 log: App [app:0] online
2023-12-14T23:50:05: PM2 log: App [app:0] exited with code [1] via signal [SIGINT]
2023-12-14T23:50:05: PM2 log: Script /home/ubuntu/tastely/backend/app.js had too many unstable restarts (16). Stopped. "errored"
2023-12-15T01:49:30: PM2 log: App [app:0] starting in -fork mode-
2023-12-15T01:49:30: PM2 log: App [app:0] online
2023-12-15T01:49:30: PM2 log: App [app:0] exited with code [1] via signal [SIGINT]
2023-12-15T01:49:30: PM2 log: App [app:0] starting in -fork mode-
2023-12-15T01:49:30: PM2 log: App [app:0] online
2023-12-15T01:49:30: PM2 log: App [app:0] exited with code [1] via signal [SIGINT]
2023-12-15T01:49:30: PM2 log: App [app:0] starting in -fork mode-
2023-12-15T01:49:30: PM2 log: App [app:0] online
2023-12-15T01:49:31: PM2 log: App [app:0] exited with code [1] via signal [SIGINT]
2023-12-15T01:49:31: PM2 log: App [app:0] starting in -fork mode-
2023-12-15T01:49:31: PM2 log: App [app:0] online
2023-12-15T01:49:31: PM2 log: App [app:0] exited with code [1] via signal [SIGINT]
2023-12-15T01:49:31: PM2 log: App [app:0] starting in -fork mode-
2023-12-15T01:49:31: PM2 log: App [app:0] online
2023-12-15T01:49:31: PM2 log: App [app:0] exited with code [1] via signal [SIGINT]
2023-12-15T01:49:31: PM2 log: App [app:0] starting in -fork mode-
2023-12-15T01:49:31: PM2 log: App [app:0] online
2023-12-15T01:49:32: PM2 log: App [app:0] exited with code [1] via signal [SIGINT]
2023-12-15T01:49:32: PM2 log: App [app:0] starting in -fork mode-
2023-12-15T01:49:32: PM2 log: App [app:0] online
2023-12-15T01:49:32: PM2 log: App [app:0] exited with code [1] via signal [SIGINT]
2023-12-15T01:49:32: PM2 log: App [app:0] starting in -fork mode-
2023-12-15T01:49:32: PM2 log: App [app:0] online
2023-12-15T01:49:32: PM2 log: App [app:0] exited with code [1] via signal [SIGINT]
2023-12-15T01:49:32: PM2 log: App [app:0] starting in -fork mode-
2023-12-15T01:49:32: PM2 log: App [app:0] online
2023-12-15T01:49:33: PM2 log: App [app:0] exited with code [1] via signal [SIGINT]
2023-12-15T01:49:33: PM2 log: App [app:0] starting in -fork mode-
2023-12-15T01:49:33: PM2 log: App [app:0] online
2023-12-15T01:49:33: PM2 log: App [app:0] exited with code [1] via signal [SIGINT]
2023-12-15T01:49:33: PM2 log: App [app:0] starting in -fork mode-
2023-12-15T01:49:33: PM2 log: App [app:0] online
2023-12-15T01:49:33: PM2 log: App [app:0] exited with code [1] via signal [SIGINT]
2023-12-15T01:49:33: PM2 log: App [app:0] starting in -fork mode-
2023-12-15T01:49:33: PM2 log: App [app:0] online
2023-12-15T01:49:34: PM2 log: App [app:0] exited with code [1] via signal [SIGINT]
2023-12-15T01:49:34: PM2 log: App [app:0] starting in -fork mode-
2023-12-15T01:49:34: PM2 log: App [app:0] online
2023-12-15T01:49:34: PM2 log: App [app:0] exited with code [1] via signal [SIGINT]
2023-12-15T01:49:34: PM2 log: App [app:0] starting in -fork mode-
2023-12-15T01:49:34: PM2 log: App [app:0] online
2023-12-15T01:49:34: PM2 log: App [app:0] exited with code [1] via signal [SIGINT]
2023-12-15T01:49:34: PM2 log: App [app:0] starting in -fork mode-
2023-12-15T01:49:34: PM2 log: App [app:0] online
2023-12-15T01:49:35: PM2 log: App [app:0] exited with code [1] via signal [SIGINT]
2023-12-15T01:49:35: PM2 log: App [app:0] starting in -fork mode-
2023-12-15T01:49:35: PM2 log: App [app:0] online
2023-12-15T01:49:35: PM2 log: App [app:0] exited with code [1] via signal [SIGINT]
2023-12-15T01:49:35: PM2 log: Script /home/ubuntu/tastely/backend/app.js had too many unstable restarts (16). Stopped. "errored"
2023-12-15T01:52:48: PM2 log: App [app:0] starting in -fork mode-
2023-12-15T01:52:49: PM2 log: App [app:0] online
2023-12-15T01:52:49: PM2 log: App [app:0] exited with code [1] via signal [SIGINT]
2023-12-15T01:52:49: PM2 log: App [app:0] starting in -fork mode-
2023-12-15T01:52:49: PM2 log: App [app:0] online
2023-12-15T01:52:49: PM2 log: App [app:0] exited with code [1] via signal [SIGINT]
2023-12-15T01:52:49: PM2 log: App [app:0] starting in -fork mode-
2023-12-15T01:52:49: PM2 log: App [app:0] online
2023-12-15T01:52:49: PM2 log: App [app:0] exited with code [1] via signal [SIGINT]
2023-12-15T01:52:49: PM2 log: App [app:0] starting in -fork mode-
2023-12-15T01:52:49: PM2 log: App [app:0] online
2023-12-15T01:52:49: PM2 log: App [app:0] exited with code [1] via signal [SIGINT]
2023-12-15T01:52:49: PM2 log: App [app:0] starting in -fork mode-
2023-12-15T01:52:49: PM2 log: App [app:0] online
2023-12-15T01:52:50: PM2 log: App [app:0] exited with code [1] via signal [SIGINT]
2023-12-15T01:52:50: PM2 log: App [app:0] starting in -fork mode-
2023-12-15T01:52:50: PM2 log: App [app:0] online
2023-12-15T01:52:50: PM2 log: App [app:0] exited with code [1] via signal [SIGINT]
2023-12-15T01:52:50: PM2 log: App [app:0] starting in -fork mode-
2023-12-15T01:52:50: PM2 log: App [app:0] online
2023-12-15T01:52:50: PM2 log: App [app:0] exited with code [1] via signal [SIGINT]
2023-12-15T01:52:50: PM2 log: App [app:0] starting in -fork mode-
2023-12-15T01:52:50: PM2 log: App [app:0] online
2023-12-15T01:52:50: PM2 log: App [app:0] exited with code [1] via signal [SIGINT]
2023-12-15T01:52:50: PM2 log: App [app:0] starting in -fork mode-
2023-12-15T01:52:50: PM2 log: App [app:0] online
2023-12-15T01:52:50: PM2 log: App [app:0] exited with code [1] via signal [SIGINT]
2023-12-15T01:52:51: PM2 log: App [app:0] starting in -fork mode-
2023-12-15T01:52:51: PM2 log: App [app:0] online
2023-12-15T01:52:51: PM2 log: App [app:0] exited with code [1] via signal [SIGINT]
2023-12-15T01:52:51: PM2 log: App [app:0] starting in -fork mode-
2023-12-15T01:52:51: PM2 log: App [app:0] online
2023-12-15T01:52:51: PM2 log: App [app:0] exited with code [1] via signal [SIGINT]
2023-12-15T01:52:51: PM2 log: App [app:0] starting in -fork mode-
2023-12-15T01:52:51: PM2 log: App [app:0] online
2023-12-15T01:52:51: PM2 log: App [app:0] exited with code [1] via signal [SIGINT]
2023-12-15T01:52:51: PM2 log: App [app:0] starting in -fork mode-
2023-12-15T01:52:51: PM2 log: App [app:0] online
2023-12-15T01:52:51: PM2 log: App [app:0] exited with code [1] via signal [SIGINT]
2023-12-15T01:52:51: PM2 log: App [app:0] starting in -fork mode-
2023-12-15T01:52:51: PM2 log: App [app:0] online
2023-12-15T01:52:52: PM2 log: App [app:0] exited with code [1] via signal [SIGINT]
2023-12-15T01:52:52: PM2 log: App [app:0] starting in -fork mode-
2023-12-15T01:52:52: PM2 log: App [app:0] online
2023-12-15T01:52:52: PM2 log: App [app:0] exited with code [1] via signal [SIGINT]
2023-12-15T01:52:52: PM2 log: App [app:0] starting in -fork mode-
2023-12-15T01:52:52: PM2 log: App [app:0] online
2023-12-15T01:52:52: PM2 log: App [app:0] exited with code [1] via signal [SIGINT]
2023-12-15T01:52:52: PM2 log: Script /home/ubuntu/tastely/backend/app.js had too many unstable restarts (16). Stopped. "errored"
2023-12-15T02:05:13: PM2 log: App [app:0] starting in -fork mode-
2023-12-15T02:05:13: PM2 log: App [app:0] online
2023-12-15T02:05:14: PM2 log: App [app:0] exited with code [1] via signal [SIGINT]
2023-12-15T02:05:14: PM2 log: App [app:0] starting in -fork mode-
2023-12-15T02:05:14: PM2 log: App [app:0] online
2023-12-15T02:05:14: PM2 log: App [app:0] exited with code [1] via signal [SIGINT]
2023-12-15T02:05:14: PM2 log: App [app:0] starting in -fork mode-
2023-12-15T02:05:14: PM2 log: App [app:0] online
2023-12-15T02:05:15: PM2 log: App [app:0] exited with code [1] via signal [SIGINT]
2023-12-15T02:05:15: PM2 log: App [app:0] starting in -fork mode-
2023-12-15T02:05:15: PM2 log: App [app:0] online
2023-12-15T02:05:16: PM2 log: App [app:0] exited with code [1] via signal [SIGINT]
2023-12-15T02:05:16: PM2 log: App [app:0] starting in -fork mode-
2023-12-15T02:05:16: PM2 log: App [app:0] online
2023-12-15T02:05:16: PM2 log: App [app:0] exited with code [1] via signal [SIGINT]
2023-12-15T02:05:16: PM2 log: App [app:0] starting in -fork mode-
2023-12-15T02:05:16: PM2 log: App [app:0] online
2023-12-15T02:05:17: PM2 log: App [app:0] exited with code [1] via signal [SIGINT]
2023-12-15T02:05:17: PM2 log: App [app:0] starting in -fork mode-
2023-12-15T02:05:17: PM2 log: App [app:0] online
2023-12-15T02:05:18: PM2 log: App [app:0] exited with code [1] via signal [SIGINT]
2023-12-15T02:05:18: PM2 log: App [app:0] starting in -fork mode-
2023-12-15T02:05:18: PM2 log: App [app:0] online
2023-12-15T02:05:18: PM2 log: App [app:0] exited with code [1] via signal [SIGINT]
2023-12-15T02:05:18: PM2 log: App [app:0] starting in -fork mode-
2023-12-15T02:05:18: PM2 log: App [app:0] online
2023-12-15T02:05:19: PM2 log: App [app:0] exited with code [1] via signal [SIGINT]
2023-12-15T02:05:19: PM2 log: App [app:0] starting in -fork mode-
2023-12-15T02:05:19: PM2 log: App [app:0] online
2023-12-15T02:05:19: PM2 log: App [app:0] exited with code [1] via signal [SIGINT]
2023-12-15T02:05:19: PM2 log: App [app:0] starting in -fork mode-
2023-12-15T02:05:19: PM2 log: App [app:0] online
2023-12-15T02:05:20: PM2 log: App [app:0] exited with code [1] via signal [SIGINT]
2023-12-15T02:05:20: PM2 log: App [app:0] starting in -fork mode-
2023-12-15T02:05:20: PM2 log: App [app:0] online
2023-12-15T02:05:21: PM2 log: App [app:0] exited with code [1] via signal [SIGINT]
2023-12-15T02:05:21: PM2 log: App [app:0] starting in -fork mode-
2023-12-15T02:05:21: PM2 log: App [app:0] online
2023-12-15T02:05:21: PM2 log: App [app:0] exited with code [1] via signal [SIGINT]
2023-12-15T02:05:21: PM2 log: App [app:0] starting in -fork mode-
2023-12-15T02:05:21: PM2 log: App [app:0] online
2023-12-15T02:05:22: PM2 log: App [app:0] exited with code [1] via signal [SIGINT]
2023-12-15T02:05:22: PM2 log: App [app:0] starting in -fork mode-
2023-12-15T02:05:22: PM2 log: App [app:0] online
2023-12-15T02:05:23: PM2 log: App [app:0] exited with code [1] via signal [SIGINT]
2023-12-15T02:05:23: PM2 log: App [app:0] starting in -fork mode-
2023-12-15T02:05:23: PM2 log: App [app:0] online
2023-12-15T02:05:23: PM2 log: App [app:0] exited with code [1] via signal [SIGINT]
2023-12-15T02:05:23: PM2 log: Script /home/ubuntu/tastely/backend/app.js had too many unstable restarts (16). Stopped. "errored"
2023-12-15T02:13:41: PM2 log: App [app:0] starting in -fork mode-
2023-12-15T02:13:41: PM2 log: App [app:0] online
2023-12-15T02:13:42: PM2 log: App [app:0] exited with code [1] via signal [SIGINT]
2023-12-15T02:13:42: PM2 log: App [app:0] starting in -fork mode-
2023-12-15T02:13:42: PM2 log: App [app:0] online
2023-12-15T02:13:43: PM2 log: App [app:0] exited with code [1] via signal [SIGINT]
2023-12-15T02:13:43: PM2 log: App [app:0] starting in -fork mode-
2023-12-15T02:13:43: PM2 log: App [app:0] online
2023-12-15T02:13:43: PM2 log: App [app:0] exited with code [1] via signal [SIGINT]
2023-12-15T02:13:43: PM2 log: App [app:0] starting in -fork mode-
2023-12-15T02:13:43: PM2 log: App [app:0] online
2023-12-15T02:13:44: PM2 log: App [app:0] exited with code [1] via signal [SIGINT]
2023-12-15T02:13:44: PM2 log: App [app:0] starting in -fork mode-
2023-12-15T02:13:44: PM2 log: App [app:0] online
2023-12-15T02:13:44: PM2 log: App [app:0] exited with code [1] via signal [SIGINT]
2023-12-15T02:13:44: PM2 log: App [app:0] starting in -fork mode-
2023-12-15T02:13:44: PM2 log: App [app:0] online
2023-12-15T02:13:45: PM2 log: App [app:0] exited with code [1] via signal [SIGINT]
2023-12-15T02:13:45: PM2 log: App [app:0] starting in -fork mode-
2023-12-15T02:13:45: PM2 log: App [app:0] online
2023-12-15T02:13:46: PM2 log: App [app:0] exited with code [1] via signal [SIGINT]
2023-12-15T02:13:46: PM2 log: App [app:0] starting in -fork mode-
2023-12-15T02:13:46: PM2 log: App [app:0] online
2023-12-15T02:13:46: PM2 log: App [app:0] exited with code [1] via signal [SIGINT]
2023-12-15T02:13:46: PM2 log: App [app:0] starting in -fork mode-
2023-12-15T02:13:46: PM2 log: App [app:0] online
2023-12-15T02:13:47: PM2 log: App [app:0] exited with code [1] via signal [SIGINT]
2023-12-15T02:13:47: PM2 log: App [app:0] starting in -fork mode-
2023-12-15T02:13:47: PM2 log: App [app:0] online
2023-12-15T02:13:47: PM2 log: App [app:0] exited with code [1] via signal [SIGINT]
2023-12-15T02:13:47: PM2 log: App [app:0] starting in -fork mode-
2023-12-15T02:13:47: PM2 log: App [app:0] online
2023-12-15T02:13:48: PM2 log: App [app:0] exited with code [1] via signal [SIGINT]
2023-12-15T02:13:48: PM2 log: App [app:0] starting in -fork mode-
2023-12-15T02:13:48: PM2 log: App [app:0] online
2023-12-15T02:13:49: PM2 log: App [app:0] exited with code [1] via signal [SIGINT]
2023-12-15T02:13:49: PM2 log: App [app:0] starting in -fork mode-
2023-12-15T02:13:49: PM2 log: App [app:0] online
2023-12-15T02:13:49: PM2 log: App [app:0] exited with code [1] via signal [SIGINT]
2023-12-15T02:13:49: PM2 log: App [app:0] starting in -fork mode-
2023-12-15T02:13:49: PM2 log: App [app:0] online
2023-12-15T02:13:50: PM2 log: App [app:0] exited with code [1] via signal [SIGINT]
2023-12-15T02:13:50: PM2 log: App [app:0] starting in -fork mode-
2023-12-15T02:13:50: PM2 log: App [app:0] online
2023-12-15T02:13:50: PM2 log: App [app:0] exited with code [1] via signal [SIGINT]
2023-12-15T02:13:50: PM2 log: App [app:0] starting in -fork mode-
2023-12-15T02:13:50: PM2 log: App [app:0] online
2023-12-15T02:13:51: PM2 log: App [app:0] exited with code [1] via signal [SIGINT]
2023-12-15T02:13:51: PM2 log: Script /home/ubuntu/tastely/backend/app.js had too many unstable restarts (16). Stopped. "errored"
2023-12-15T02:26:13: PM2 log: App [app:0] starting in -fork mode-
2023-12-15T02:26:13: PM2 log: App [app:0] online
2023-12-15T02:26:13: PM2 log: App [app:0] exited with code [1] via signal [SIGINT]
2023-12-15T02:26:13: PM2 log: App [app:0] starting in -fork mode-
2023-12-15T02:26:13: PM2 log: App [app:0] online
2023-12-15T02:26:14: PM2 log: App [app:0] exited with code [1] via signal [SIGINT]
2023-12-15T02:26:14: PM2 log: App [app:0] starting in -fork mode-
2023-12-15T02:26:14: PM2 log: App [app:0] online
2023-12-15T02:26:14: PM2 log: App [app:0] exited with code [1] via signal [SIGINT]
2023-12-15T02:26:14: PM2 log: App [app:0] starting in -fork mode-
2023-12-15T02:26:14: PM2 log: App [app:0] online
2023-12-15T02:26:15: PM2 log: App [app:0] exited with code [1] via signal [SIGINT]
2023-12-15T02:26:15: PM2 log: App [app:0] starting in -fork mode-
2023-12-15T02:26:15: PM2 log: App [app:0] online
2023-12-15T02:26:16: PM2 log: App [app:0] exited with code [1] via signal [SIGINT]
2023-12-15T02:26:16: PM2 log: App [app:0] starting in -fork mode-
2023-12-15T02:26:16: PM2 log: App [app:0] online
2023-12-15T02:26:16: PM2 log: App [app:0] exited with code [1] via signal [SIGINT]
2023-12-15T02:26:16: PM2 log: App [app:0] starting in -fork mode-
2023-12-15T02:26:16: PM2 log: App [app:0] online
2023-12-15T02:26:17: PM2 log: App [app:0] exited with code [1] via signal [SIGINT]
2023-12-15T02:26:17: PM2 log: App [app:0] starting in -fork mode-
2023-12-15T02:26:17: PM2 log: App [app:0] online
2023-12-15T02:26:18: PM2 log: App [app:0] exited with code [1] via signal [SIGINT]
2023-12-15T02:26:18: PM2 log: App [app:0] starting in -fork mode-
2023-12-15T02:26:18: PM2 log: App [app:0] online
2023-12-15T02:26:18: PM2 log: App [app:0] exited with code [1] via signal [SIGINT]
2023-12-15T02:26:18: PM2 log: App [app:0] starting in -fork mode-
2023-12-15T02:26:18: PM2 log: App [app:0] online
2023-12-15T02:26:19: PM2 log: App [app:0] exited with code [1] via signal [SIGINT]
2023-12-15T02:26:19: PM2 log: App [app:0] starting in -fork mode-
2023-12-15T02:26:19: PM2 log: App [app:0] online
2023-12-15T02:26:19: PM2 log: App [app:0] exited with code [1] via signal [SIGINT]
2023-12-15T02:26:19: PM2 log: App [app:0] starting in -fork mode-
2023-12-15T02:26:19: PM2 log: App [app:0] online
2023-12-15T02:26:20: PM2 log: App [app:0] exited with code [1] via signal [SIGINT]
2023-12-15T02:26:20: PM2 log: App [app:0] starting in -fork mode-
2023-12-15T02:26:20: PM2 log: App [app:0] online
2023-12-15T02:26:21: PM2 log: App [app:0] exited with code [1] via signal [SIGINT]
2023-12-15T02:26:21: PM2 log: App [app:0] starting in -fork mode-
2023-12-15T02:26:21: PM2 log: App [app:0] online
2023-12-15T02:26:21: PM2 log: App [app:0] exited with code [1] via signal [SIGINT]
2023-12-15T02:26:21: PM2 log: App [app:0] starting in -fork mode-
2023-12-15T02:26:21: PM2 log: App [app:0] online
2023-12-15T02:26:22: PM2 log: App [app:0] exited with code [1] via signal [SIGINT]
2023-12-15T02:26:22: PM2 log: App [app:0] starting in -fork mode-
2023-12-15T02:26:22: PM2 log: App [app:0] online
2023-12-15T02:26:22: PM2 log: App [app:0] exited with code [1] via signal [SIGINT]
2023-12-15T02:26:22: PM2 log: Script /home/ubuntu/tastely/backend/app.js had too many unstable restarts (16). Stopped. "errored"
2023-12-15T03:02:24: PM2 log: App [app:0] starting in -fork mode-
2023-12-15T03:02:24: PM2 log: App [app:0] online
2023-12-15T03:14:14: PM2 log: Stopping app:app id:0
2023-12-15T03:14:14: PM2 log: App [app:0] exited with code [0] via signal [SIGINT]
2023-12-15T03:14:14: PM2 log: pid=26315 msg=process killed
2023-12-15T03:14:14: PM2 log: App [app:0] starting in -fork mode-
2023-12-15T03:14:14: PM2 log: App [app:0] online
2023-12-15T03:14:37: PM2 log: Stopping app:app id:0
2023-12-15T03:14:37: PM2 log: App [app:0] exited with code [0] via signal [SIGINT]
2023-12-15T03:14:37: PM2 log: pid=26372 msg=process killed
2023-12-15T03:14:37: PM2 log: App [app:0] starting in -fork mode-
2023-12-15T03:14:37: PM2 log: App [app:0] online
2023-12-15T03:21:24: PM2 log: Stopping app:app id:0
2023-12-15T03:21:24: PM2 log: App [app:0] exited with code [0] via signal [SIGINT]
2023-12-15T03:21:24: PM2 log: pid=26403 msg=process killed
2023-12-15T03:21:24: PM2 log: App [app:0] starting in -fork mode-
2023-12-15T03:21:24: PM2 log: App [app:0] online
2023-12-15T03:30:20: PM2 log: Stopping app:app id:0
2023-12-15T03:30:20: PM2 log: App [app:0] exited with code [0] via signal [SIGINT]
2023-12-15T03:30:20: PM2 log: pid=26448 msg=process killed
2023-12-15T03:30:20: PM2 log: App [app:0] starting in -fork mode-
2023-12-15T03:30:20: PM2 log: App [app:0] online
2023-12-15T03:37:53: PM2 log: Stopping app:app id:0
2023-12-15T03:37:53: PM2 log: App [app:0] exited with code [0] via signal [SIGINT]
2023-12-15T03:37:53: PM2 log: pid=26496 msg=process killed
2023-12-15T03:37:53: PM2 log: App [app:0] starting in -fork mode-
2023-12-15T03:37:53: PM2 log: App [app:0] online
2023-12-15T04:01:21: PM2 log: Stopping app:app id:0
2023-12-15T04:01:21: PM2 log: App [app:0] exited with code [0] via signal [SIGINT]
2023-12-15T04:01:22: PM2 log: pid=26541 msg=process killed
2023-12-15T04:01:22: PM2 log: App [app:0] starting in -fork mode-
2023-12-15T04:01:22: PM2 log: App [app:0] online
2023-12-15T04:22:29: PM2 log: Stopping app:app id:0
2023-12-15T04:22:29: PM2 log: App [app:0] exited with code [0] via signal [SIGINT]
2023-12-15T04:22:29: PM2 log: pid=26608 msg=process killed
2023-12-15T04:22:29: PM2 log: App [app:0] starting in -fork mode-
2023-12-15T04:22:29: PM2 log: App [app:0] online
2023-12-15T09:47:48: PM2 log: Stopping app:app id:0
2023-12-15T09:47:48: PM2 log: App [app:0] exited with code [0] via signal [SIGINT]
2023-12-15T09:47:48: PM2 log: pid=26681 msg=process killed
2023-12-15T09:47:48: PM2 log: App [app:0] starting in -fork mode-
2023-12-15T09:47:48: PM2 log: App [app:0] online
2023-12-15T09:48:26: PM2 log: pm2 has been killed by signal, dumping process list before exit...
2023-12-15T09:48:26: PM2 log: Deleting process 0
2023-12-15T09:48:26: PM2 log: Stopping app:app id:0
2023-12-15T09:48:26: PM2 log: App [app:0] exited with code [0] via signal [SIGTERM]
2023-12-15T09:48:26: PM2 log: pid=30731 msg=process killed
2023-12-15T09:48:26: PM2 log: Exited peacefully
2023-12-15T09:49:07: PM2 log: ===============================================================================
2023-12-15T09:49:07: PM2 log: --- New PM2 Daemon started ----------------------------------------------------
2023-12-15T09:49:07: PM2 log: Time                 : Fri Dec 15 2023 09:49:07 GMT+0000 (Coordinated Universal Time)
2023-12-15T09:49:07: PM2 log: PM2 version          : 5.3.0
2023-12-15T09:49:07: PM2 log: Node.js version      : 20.10.0
2023-12-15T09:49:07: PM2 log: Current arch         : x64
2023-12-15T09:49:07: PM2 log: PM2 home             : /home/ubuntu/.pm2
2023-12-15T09:49:07: PM2 log: PM2 PID file         : /home/ubuntu/.pm2/pm2.pid
2023-12-15T09:49:07: PM2 log: RPC socket file      : /home/ubuntu/.pm2/rpc.sock
2023-12-15T09:49:07: PM2 log: BUS socket file      : /home/ubuntu/.pm2/pub.sock
2023-12-15T09:49:07: PM2 log: Application log path : /home/ubuntu/.pm2/logs
2023-12-15T09:49:07: PM2 log: Worker Interval      : 30000
2023-12-15T09:49:07: PM2 log: Process dump file    : /home/ubuntu/.pm2/dump.pm2
2023-12-15T09:49:07: PM2 log: Concurrent actions   : 2
2023-12-15T09:49:07: PM2 log: SIGTERM timeout      : 1600
2023-12-15T09:49:07: PM2 log: ===============================================================================
2023-12-15T09:49:07: PM2 log: App [app:0] starting in -fork mode-
2023-12-15T09:49:07: PM2 log: App [app:0] online
2023-12-15T18:04:59: PM2 log: Stopping app:app id:0
2023-12-15T18:04:59: PM2 log: App [app:0] exited with code [0] via signal [SIGINT]
2023-12-15T18:04:59: PM2 log: pid=718 msg=process killed
2023-12-15T18:04:59: PM2 log: App [app:0] starting in -fork mode-
2023-12-15T18:04:59: PM2 log: App [app:0] online
2023-12-15T18:04:59: PM2 log: App [app:0] exited with code [1] via signal [SIGINT]
2023-12-15T18:04:59: PM2 log: App [app:0] starting in -fork mode-
2023-12-15T18:04:59: PM2 log: App [app:0] online
2023-12-15T18:05:00: PM2 log: App [app:0] exited with code [1] via signal [SIGINT]
2023-12-15T18:05:00: PM2 log: App [app:0] starting in -fork mode-
2023-12-15T18:05:00: PM2 log: App [app:0] online
2023-12-15T18:05:00: PM2 log: App [app:0] exited with code [1] via signal [SIGINT]
2023-12-15T18:05:00: PM2 log: App [app:0] starting in -fork mode-
2023-12-15T18:05:00: PM2 log: App [app:0] online
2023-12-15T18:05:00: PM2 log: App [app:0] exited with code [1] via signal [SIGINT]
2023-12-15T18:05:00: PM2 log: App [app:0] starting in -fork mode-
2023-12-15T18:05:00: PM2 log: App [app:0] online
2023-12-15T18:05:00: PM2 log: App [app:0] exited with code [1] via signal [SIGINT]
2023-12-15T18:05:00: PM2 log: App [app:0] starting in -fork mode-
2023-12-15T18:05:00: PM2 log: App [app:0] online
2023-12-15T18:05:00: PM2 log: App [app:0] exited with code [1] via signal [SIGINT]
2023-12-15T18:05:00: PM2 log: App [app:0] starting in -fork mode-
2023-12-15T18:05:00: PM2 log: App [app:0] online
2023-12-15T18:05:00: PM2 log: App [app:0] exited with code [1] via signal [SIGINT]
2023-12-15T18:05:00: PM2 log: App [app:0] starting in -fork mode-
2023-12-15T18:05:00: PM2 log: App [app:0] online
2023-12-15T18:05:00: PM2 log: App [app:0] exited with code [1] via signal [SIGINT]
2023-12-15T18:05:00: PM2 log: App [app:0] starting in -fork mode-
2023-12-15T18:05:00: PM2 log: App [app:0] online
2023-12-15T18:05:00: PM2 log: App [app:0] exited with code [1] via signal [SIGINT]
2023-12-15T18:05:00: PM2 log: App [app:0] starting in -fork mode-
2023-12-15T18:05:00: PM2 log: App [app:0] online
2023-12-15T18:05:01: PM2 log: App [app:0] exited with code [1] via signal [SIGINT]
2023-12-15T18:05:01: PM2 log: App [app:0] starting in -fork mode-
2023-12-15T18:05:01: PM2 log: App [app:0] online
2023-12-15T18:05:01: PM2 log: App [app:0] exited with code [1] via signal [SIGINT]
2023-12-15T18:05:01: PM2 log: App [app:0] starting in -fork mode-
2023-12-15T18:05:01: PM2 log: App [app:0] online
2023-12-15T18:05:01: PM2 log: App [app:0] exited with code [1] via signal [SIGINT]
2023-12-15T18:05:01: PM2 log: App [app:0] starting in -fork mode-
2023-12-15T18:05:01: PM2 log: App [app:0] online
2023-12-15T18:05:01: PM2 log: App [app:0] exited with code [1] via signal [SIGINT]
2023-12-15T18:05:01: PM2 log: App [app:0] starting in -fork mode-
2023-12-15T18:05:01: PM2 log: App [app:0] online
2023-12-15T18:05:01: PM2 log: App [app:0] exited with code [1] via signal [SIGINT]
2023-12-15T18:05:01: PM2 log: App [app:0] starting in -fork mode-
2023-12-15T18:05:01: PM2 log: App [app:0] online
2023-12-15T18:05:01: PM2 log: App [app:0] exited with code [1] via signal [SIGINT]
2023-12-15T18:05:01: PM2 log: App [app:0] starting in -fork mode-
2023-12-15T18:05:01: PM2 log: App [app:0] online
2023-12-15T18:05:01: PM2 log: App [app:0] exited with code [1] via signal [SIGINT]
2023-12-15T18:05:01: PM2 log: Script /home/ubuntu/tastely/backend/app.js had too many unstable restarts (16). Stopped. "errored"
2023-12-15T18:05:36: PM2 log: App [app:0] starting in -fork mode-
2023-12-15T18:05:36: PM2 log: App [app:0] online
2023-12-15T18:05:36: PM2 log: App [app:0] exited with code [1] via signal [SIGINT]
2023-12-15T18:05:36: PM2 log: App [app:0] starting in -fork mode-
2023-12-15T18:05:36: PM2 log: App [app:0] online
2023-12-15T18:05:37: PM2 log: App [app:0] exited with code [1] via signal [SIGINT]
2023-12-15T18:05:37: PM2 log: App [app:0] starting in -fork mode-
2023-12-15T18:05:37: PM2 log: App [app:0] online
2023-12-15T18:05:37: PM2 log: App [app:0] exited with code [1] via signal [SIGINT]
2023-12-15T18:05:37: PM2 log: App [app:0] starting in -fork mode-
2023-12-15T18:05:37: PM2 log: App [app:0] online
2023-12-15T18:05:37: PM2 log: App [app:0] exited with code [1] via signal [SIGINT]
2023-12-15T18:05:37: PM2 log: App [app:0] starting in -fork mode-
2023-12-15T18:05:37: PM2 log: App [app:0] online
2023-12-15T18:05:37: PM2 log: App [app:0] exited with code [1] via signal [SIGINT]
2023-12-15T18:05:37: PM2 log: App [app:0] starting in -fork mode-
2023-12-15T18:05:37: PM2 log: App [app:0] online
2023-12-15T18:05:37: PM2 log: App [app:0] exited with code [1] via signal [SIGINT]
2023-12-15T18:05:37: PM2 log: App [app:0] starting in -fork mode-
2023-12-15T18:05:37: PM2 log: App [app:0] online
2023-12-15T18:05:37: PM2 log: App [app:0] exited with code [1] via signal [SIGINT]
2023-12-15T18:05:37: PM2 log: App [app:0] starting in -fork mode-
2023-12-15T18:05:37: PM2 log: App [app:0] online
2023-12-15T18:05:37: PM2 log: App [app:0] exited with code [1] via signal [SIGINT]
2023-12-15T18:05:37: PM2 log: App [app:0] starting in -fork mode-
2023-12-15T18:05:37: PM2 log: App [app:0] online
2023-12-15T18:05:38: PM2 log: App [app:0] exited with code [1] via signal [SIGINT]
2023-12-15T18:05:38: PM2 log: App [app:0] starting in -fork mode-
2023-12-15T18:05:38: PM2 log: App [app:0] online
2023-12-15T18:05:38: PM2 log: App [app:0] exited with code [1] via signal [SIGINT]
2023-12-15T18:05:38: PM2 log: App [app:0] starting in -fork mode-
2023-12-15T18:05:38: PM2 log: App [app:0] online
2023-12-15T18:05:38: PM2 log: App [app:0] exited with code [1] via signal [SIGINT]
2023-12-15T18:05:38: PM2 log: App [app:0] starting in -fork mode-
2023-12-15T18:05:38: PM2 log: App [app:0] online
2023-12-15T18:05:38: PM2 log: App [app:0] exited with code [1] via signal [SIGINT]
2023-12-15T18:05:38: PM2 log: App [app:0] starting in -fork mode-
2023-12-15T18:05:38: PM2 log: App [app:0] online
2023-12-15T18:05:38: PM2 log: App [app:0] exited with code [1] via signal [SIGINT]
2023-12-15T18:05:38: PM2 log: App [app:0] starting in -fork mode-
2023-12-15T18:05:38: PM2 log: App [app:0] online
2023-12-15T18:05:38: PM2 log: App [app:0] exited with code [1] via signal [SIGINT]
2023-12-15T18:05:38: PM2 log: App [app:0] starting in -fork mode-
2023-12-15T18:05:38: PM2 log: App [app:0] online
2023-12-15T18:05:38: PM2 log: App [app:0] exited with code [1] via signal [SIGINT]
2023-12-15T18:05:38: PM2 log: App [app:0] starting in -fork mode-
2023-12-15T18:05:38: PM2 log: App [app:0] online
2023-12-15T18:05:39: PM2 log: App [app:0] exited with code [1] via signal [SIGINT]
2023-12-15T18:05:39: PM2 log: Script /home/ubuntu/tastely/backend/app.js had too many unstable restarts (16). Stopped. "errored"
2023-12-15T18:56:00: PM2 log: App [app:0] starting in -fork mode-
2023-12-15T18:56:00: PM2 log: App [app:0] online
2023-12-15T20:06:59: PM2 log: App [app:0] exited with code [0] via signal [SIGTERM]
2023-12-15T20:06:59: PM2 log: App [app:0] starting in -fork mode-
2023-12-15T20:06:59: PM2 log: App [app:0] online
2023-12-15T20:08:01: PM2 log: App [app:0] exited with code [0] via signal [SIGTERM]
2023-12-15T20:08:01: PM2 log: App [app:0] starting in -fork mode-
2023-12-15T20:08:01: PM2 log: App [app:0] online
2023-12-15T20:08:39: PM2 log: App [app:0] exited with code [0] via signal [SIGTERM]
2023-12-15T20:08:39: PM2 log: App [app:0] starting in -fork mode-
2023-12-15T20:08:39: PM2 log: App [app:0] online
2023-12-15T20:08:57: PM2 log: App [app:0] exited with code [0] via signal [SIGTERM]
2023-12-15T20:08:57: PM2 log: App [app:0] starting in -fork mode-
2023-12-15T20:08:57: PM2 log: App [app:0] online
2023-12-15T20:09:18: PM2 log: App [app:0] exited with code [0] via signal [SIGTERM]
2023-12-15T20:09:18: PM2 log: App [app:0] starting in -fork mode-
2023-12-15T20:09:18: PM2 log: App [app:0] online
2023-12-15T20:12:14: PM2 log: App [app:0] exited with code [0] via signal [SIGTERM]
2023-12-15T20:12:14: PM2 log: App [app:0] starting in -fork mode-
2023-12-15T20:12:14: PM2 log: App [app:0] online
2023-12-15T20:14:16: PM2 log: App [app:0] exited with code [0] via signal [SIGKILL]
2023-12-15T20:14:16: PM2 log: App [app:0] starting in -fork mode-
2023-12-15T20:14:16: PM2 log: App [app:0] online
2023-12-15T20:17:51: PM2 log: Stopping app:app id:0
2023-12-15T20:17:51: PM2 log: App [app:0] exited with code [0] via signal [SIGINT]
2023-12-15T20:17:51: PM2 log: pid=4644 msg=process killed
2023-12-15T20:17:51: PM2 log: PM2 successfully stopped
2023-12-15T20:18:54: PM2 log: ===============================================================================
2023-12-15T20:18:54: PM2 log: --- New PM2 Daemon started ----------------------------------------------------
2023-12-15T20:18:54: PM2 log: Time                 : Fri Dec 15 2023 20:18:54 GMT+0000 (Coordinated Universal Time)
2023-12-15T20:18:54: PM2 log: PM2 version          : 5.3.0
2023-12-15T20:18:54: PM2 log: Node.js version      : 20.10.0
2023-12-15T20:18:54: PM2 log: Current arch         : x64
2023-12-15T20:18:54: PM2 log: PM2 home             : /home/ubuntu/.pm2
2023-12-15T20:18:54: PM2 log: PM2 PID file         : /home/ubuntu/.pm2/pm2.pid
2023-12-15T20:18:54: PM2 log: RPC socket file      : /home/ubuntu/.pm2/rpc.sock
2023-12-15T20:18:54: PM2 log: BUS socket file      : /home/ubuntu/.pm2/pub.sock
2023-12-15T20:18:54: PM2 log: Application log path : /home/ubuntu/.pm2/logs
2023-12-15T20:18:54: PM2 log: Worker Interval      : 30000
2023-12-15T20:18:54: PM2 log: Process dump file    : /home/ubuntu/.pm2/dump.pm2
2023-12-15T20:18:54: PM2 log: Concurrent actions   : 2
2023-12-15T20:18:54: PM2 log: SIGTERM timeout      : 1600
2023-12-15T20:18:54: PM2 log: ===============================================================================
2023-12-15T20:18:54: PM2 log: App [app:0] starting in -fork mode-
2023-12-15T20:18:54: PM2 log: App [app:0] online
2023-12-15T22:17:58: PM2 log: Stopping app:app id:0
2023-12-15T22:17:58: PM2 log: App [app:0] exited with code [0] via signal [SIGINT]
2023-12-15T22:17:58: PM2 log: pid=805 msg=process killed
2023-12-15T22:17:58: PM2 log: App [app:0] starting in -fork mode-
2023-12-15T22:17:58: PM2 log: App [app:0] online
2023-12-15T22:24:18: PM2 log: Stopping app:app id:0
2023-12-15T22:24:18: PM2 log: App [app:0] exited with code [0] via signal [SIGINT]
2023-12-15T22:24:19: PM2 log: pid=2129 msg=process killed
2023-12-15T22:24:19: PM2 log: App [app:0] starting in -fork mode-
2023-12-15T22:24:19: PM2 log: App [app:0] online
2023-12-15T23:04:44: PM2 log: Stopping app:app id:0
2023-12-15T23:04:44: PM2 log: App [app:0] exited with code [0] via signal [SIGINT]
2023-12-15T23:04:44: PM2 log: pid=2199 msg=process killed
2023-12-15T23:04:44: PM2 log: PM2 successfully stopped
2023-12-15T23:05:23: PM2 log: ===============================================================================
2023-12-15T23:05:23: PM2 log: --- New PM2 Daemon started ----------------------------------------------------
2023-12-15T23:05:23: PM2 log: Time                 : Fri Dec 15 2023 23:05:23 GMT+0000 (Coordinated Universal Time)
2023-12-15T23:05:23: PM2 log: PM2 version          : 5.3.0
2023-12-15T23:05:23: PM2 log: Node.js version      : 20.10.0
2023-12-15T23:05:23: PM2 log: Current arch         : x64
2023-12-15T23:05:23: PM2 log: PM2 home             : /home/ubuntu/.pm2
2023-12-15T23:05:23: PM2 log: PM2 PID file         : /home/ubuntu/.pm2/pm2.pid
2023-12-15T23:05:23: PM2 log: RPC socket file      : /home/ubuntu/.pm2/rpc.sock
2023-12-15T23:05:23: PM2 log: BUS socket file      : /home/ubuntu/.pm2/pub.sock
2023-12-15T23:05:23: PM2 log: Application log path : /home/ubuntu/.pm2/logs
2023-12-15T23:05:23: PM2 log: Worker Interval      : 30000
2023-12-15T23:05:23: PM2 log: Process dump file    : /home/ubuntu/.pm2/dump.pm2
2023-12-15T23:05:23: PM2 log: Concurrent actions   : 2
2023-12-15T23:05:23: PM2 log: SIGTERM timeout      : 1600
2023-12-15T23:05:23: PM2 log: ===============================================================================
2023-12-15T23:05:23: PM2 log: App [app:0] starting in -fork mode-
2023-12-15T23:05:23: PM2 log: App [app:0] online
2023-12-15T23:11:55: PM2 log: Stopping app:app id:0
2023-12-15T23:11:55: PM2 log: App [app:0] exited with code [0] via signal [SIGINT]
2023-12-15T23:11:55: PM2 log: pid=718 msg=process killed
2023-12-15T23:11:55: PM2 log: App [app:0] starting in -fork mode-
2023-12-15T23:11:55: PM2 log: App [app:0] online
2023-12-15T23:12:04: PM2 log: Stopping app:app id:0
2023-12-15T23:12:04: PM2 log: App [app:0] exited with code [0] via signal [SIGINT]
2023-12-15T23:12:04: PM2 log: pid=1655 msg=process killed
2023-12-15T23:12:04: PM2 log: App [app:0] starting in -fork mode-
2023-12-15T23:12:04: PM2 log: App [app:0] online
2023-12-15T23:14:04: PM2 log: Stopping app:app id:0
2023-12-15T23:14:04: PM2 log: App [app:0] exited with code [0] via signal [SIGINT]
2023-12-15T23:14:05: PM2 log: pid=1685 msg=process killed
2023-12-15T23:14:05: PM2 log: App [app:0] starting in -fork mode-
2023-12-15T23:14:05: PM2 log: App [app:0] online
2023-12-16T00:15:45: PM2 log: Stopping app:app id:0
2023-12-16T00:15:45: PM2 log: App [app:0] exited with code [0] via signal [SIGINT]
2023-12-16T00:15:45: PM2 log: pid=1718 msg=process killed
2023-12-16T00:15:46: PM2 log: PM2 successfully stopped
2023-12-16T00:16:25: PM2 log: ===============================================================================
2023-12-16T00:16:25: PM2 log: --- New PM2 Daemon started ----------------------------------------------------
2023-12-16T00:16:25: PM2 log: Time                 : Sat Dec 16 2023 00:16:25 GMT+0000 (Coordinated Universal Time)
2023-12-16T00:16:25: PM2 log: PM2 version          : 5.3.0
2023-12-16T00:16:25: PM2 log: Node.js version      : 20.10.0
2023-12-16T00:16:25: PM2 log: Current arch         : x64
2023-12-16T00:16:25: PM2 log: PM2 home             : /home/ubuntu/.pm2
2023-12-16T00:16:25: PM2 log: PM2 PID file         : /home/ubuntu/.pm2/pm2.pid
2023-12-16T00:16:25: PM2 log: RPC socket file      : /home/ubuntu/.pm2/rpc.sock
2023-12-16T00:16:25: PM2 log: BUS socket file      : /home/ubuntu/.pm2/pub.sock
2023-12-16T00:16:25: PM2 log: Application log path : /home/ubuntu/.pm2/logs
2023-12-16T00:16:25: PM2 log: Worker Interval      : 30000
2023-12-16T00:16:25: PM2 log: Process dump file    : /home/ubuntu/.pm2/dump.pm2
2023-12-16T00:16:25: PM2 log: Concurrent actions   : 2
2023-12-16T00:16:25: PM2 log: SIGTERM timeout      : 1600
2023-12-16T00:16:25: PM2 log: ===============================================================================
2023-12-16T00:16:25: PM2 log: App [app:0] starting in -fork mode-
2023-12-16T00:16:25: PM2 log: App [app:0] online
2023-12-16T00:23:04: PM2 log: Stopping app:app id:0
2023-12-16T00:23:04: PM2 log: App [app:0] exited with code [0] via signal [SIGINT]
2023-12-16T00:23:04: PM2 log: pid=775 msg=process killed
2023-12-16T00:23:04: PM2 log: App [app:0] starting in -fork mode-
2023-12-16T00:23:04: PM2 log: App [app:0] online
2023-12-16T06:01:16: PM2 log: Stopping app:app id:0
2023-12-16T06:01:16: PM2 log: App [app:0] exited with code [0] via signal [SIGINT]
2023-12-16T06:01:16: PM2 log: pid=1645 msg=process killed
2023-12-16T06:01:16: PM2 log: PM2 successfully stopped
2023-12-16T06:01:54: PM2 log: ===============================================================================
2023-12-16T06:01:54: PM2 log: --- New PM2 Daemon started ----------------------------------------------------
2023-12-16T06:01:54: PM2 log: Time                 : Sat Dec 16 2023 06:01:54 GMT+0000 (Coordinated Universal Time)
2023-12-16T06:01:54: PM2 log: PM2 version          : 5.3.0
2023-12-16T06:01:54: PM2 log: Node.js version      : 20.10.0
2023-12-16T06:01:54: PM2 log: Current arch         : x64
2023-12-16T06:01:54: PM2 log: PM2 home             : /home/ubuntu/.pm2
2023-12-16T06:01:54: PM2 log: PM2 PID file         : /home/ubuntu/.pm2/pm2.pid
2023-12-16T06:01:54: PM2 log: RPC socket file      : /home/ubuntu/.pm2/rpc.sock
2023-12-16T06:01:54: PM2 log: BUS socket file      : /home/ubuntu/.pm2/pub.sock
2023-12-16T06:01:54: PM2 log: Application log path : /home/ubuntu/.pm2/logs
2023-12-16T06:01:54: PM2 log: Worker Interval      : 30000
2023-12-16T06:01:54: PM2 log: Process dump file    : /home/ubuntu/.pm2/dump.pm2
2023-12-16T06:01:54: PM2 log: Concurrent actions   : 2
2023-12-16T06:01:54: PM2 log: SIGTERM timeout      : 1600
2023-12-16T06:01:54: PM2 log: ===============================================================================
2023-12-16T06:01:54: PM2 log: App [app:0] starting in -fork mode-
2023-12-16T06:01:54: PM2 log: App [app:0] online
