0 verbose cli [ '/usr/bin/node', '/usr/bin/npm', 'install', 'pm2', '-g' ]
1 info using npm@8.5.1
2 info using node@v12.22.9
3 timing npm:load:whichnode Completed in 1ms
4 timing config:load:defaults Completed in 2ms
5 timing config:load:file:/usr/share/nodejs/npm/npmrc Completed in 4ms
6 timing config:load:builtin Completed in 4ms
7 timing config:load:cli Completed in 2ms
8 timing config:load:env Completed in 0ms
9 timing config:load:project Completed in 2ms
10 timing config:load:file:/home/ubuntu/.npmrc Completed in 0ms
11 timing config:load:user Completed in 0ms
12 timing config:load:file:/etc/npmrc Completed in 0ms
13 timing config:load:global Completed in 0ms
14 timing config:load:validate Completed in 0ms
15 timing config:load:credentials Completed in 1ms
16 timing config:load:setEnvs Completed in 2ms
17 timing config:load Completed in 15ms
18 timing npm:load:configload Completed in 15ms
19 timing npm:load:setTitle Completed in 0ms
20 timing config:load:flatten Completed in 4ms
21 timing npm:load:display Completed in 7ms
22 verbose logfile /home/ubuntu/.npm/_logs/2023-12-14T22_48_06_108Z-debug-0.log
23 timing npm:load:logFile Completed in 8ms
24 timing npm:load:timers Completed in 0ms
25 timing npm:load:configScope Completed in 0ms
26 timing npm:load Completed in 32ms
27 timing arborist:ctor Completed in 1ms
28 silly logfile start cleaning logs, removing 1 files
29 timing idealTree:init Completed in 10ms
30 timing idealTree:userRequests Completed in 4ms
31 silly idealTree buildDeps
32 silly fetch manifest pm2@*
33 http fetch GET 200 https://registry.npmjs.org/pm2 129ms (cache miss)
34 silly placeDep ROOT pm2@5.3.0 OK for:  want: *
35 silly fetch manifest @pm2/agent@~2.0.0
36 silly fetch manifest @pm2/io@~5.0.0
37 silly fetch manifest @pm2/js-api@~0.6.7
38 silly fetch manifest @pm2/pm2-version-check@latest
39 silly fetch manifest async@~3.2.0
40 silly fetch manifest blessed@0.1.81
41 silly fetch manifest chalk@3.0.0
42 silly fetch manifest chokidar@^3.5.3
43 silly fetch manifest cli-tableau@^2.0.0
44 silly fetch manifest commander@2.15.1
45 silly fetch manifest croner@~4.1.92
46 silly fetch manifest dayjs@~1.11.5
47 silly fetch manifest debug@^4.3.1
48 silly fetch manifest enquirer@2.3.6
49 silly fetch manifest eventemitter2@5.0.1
50 silly fetch manifest fclone@1.0.11
51 silly fetch manifest mkdirp@1.0.4
52 silly fetch manifest needle@2.4.0
53 silly fetch manifest pidusage@~3.0
54 silly fetch manifest pm2-axon@~4.0.1
55 silly fetch manifest pm2-axon-rpc@~0.7.1
56 silly fetch manifest pm2-deploy@~1.0.2
57 silly fetch manifest pm2-multimeter@^0.1.2
58 silly fetch manifest promptly@^2
59 silly fetch manifest semver@^7.2
60 silly fetch manifest source-map-support@0.5.21
61 silly fetch manifest sprintf-js@1.1.2
62 silly fetch manifest vizion@~2.2.1
63 silly fetch manifest yamljs@0.3.0
64 silly fetch manifest pm2-sysmonit@^1.2.8
65 http fetch GET 200 https://registry.npmjs.org/cli-tableau 260ms (cache miss)
66 http fetch GET 200 https://registry.npmjs.org/fclone 266ms (cache miss)
67 http fetch GET 200 https://registry.npmjs.org/pm2-multimeter 261ms (cache miss)
68 http fetch GET 200 https://registry.npmjs.org/pm2-deploy 267ms (cache miss)
69 http fetch GET 200 https://registry.npmjs.org/sprintf-js 265ms (cache miss)
70 http fetch GET 200 https://registry.npmjs.org/@pm2%2fpm2-version-check 298ms (cache miss)
71 http fetch GET 200 https://registry.npmjs.org/vizion 266ms (cache miss)
72 http fetch GET 200 https://registry.npmjs.org/yamljs 265ms (cache miss)
73 http fetch GET 200 https://registry.npmjs.org/pm2-axon 285ms (cache miss)
74 http fetch GET 200 https://registry.npmjs.org/pm2-sysmonit 273ms (cache miss)
75 http fetch GET 200 https://registry.npmjs.org/promptly 282ms (cache miss)
76 http fetch GET 200 https://registry.npmjs.org/pm2-axon-rpc 290ms (cache miss)
77 http fetch GET 200 https://registry.npmjs.org/@pm2%2fagent 322ms (cache miss)
78 http fetch GET 200 https://registry.npmjs.org/blessed 320ms (cache miss)
79 http fetch GET 200 https://registry.npmjs.org/source-map-support 293ms (cache miss)
80 http fetch GET 200 https://registry.npmjs.org/chalk 321ms (cache miss)
81 http fetch GET 200 https://registry.npmjs.org/enquirer 316ms (cache miss)
82 http fetch GET 200 https://registry.npmjs.org/mkdirp 316ms (cache miss)
83 http fetch GET 200 https://registry.npmjs.org/eventemitter2 321ms (cache miss)
84 http fetch GET 200 https://registry.npmjs.org/pidusage 315ms (cache miss)
85 http fetch GET 200 https://registry.npmjs.org/debug 327ms (cache miss)
86 http fetch GET 200 https://registry.npmjs.org/async 340ms (cache miss)
87 http fetch GET 200 https://registry.npmjs.org/needle 330ms (cache miss)
88 http fetch GET 200 https://registry.npmjs.org/chokidar 345ms (cache miss)
89 http fetch GET 200 https://registry.npmjs.org/semver 325ms (cache miss)
90 http fetch GET 200 https://registry.npmjs.org/@pm2%2fjs-api 360ms (cache miss)
91 http fetch GET 200 https://registry.npmjs.org/commander 358ms (cache miss)
92 http fetch GET 200 https://registry.npmjs.org/@pm2%2fio 373ms (cache miss)
93 http fetch GET 200 https://registry.npmjs.org/dayjs 363ms (cache miss)
94 http fetch GET 200 https://registry.npmjs.org/croner 367ms (cache miss)
95 timing idealTree:#root Completed in 535ms
96 silly placeDep node_modules/pm2 @pm2/agent@2.0.3 OK for: pm2@5.3.0 want: ~2.0.0
97 silly placeDep node_modules/pm2 @pm2/io@5.0.2 OK for: pm2@5.3.0 want: ~5.0.0
98 silly placeDep node_modules/pm2 @pm2/js-api@0.6.7 OK for: pm2@5.3.0 want: ~0.6.7
99 silly placeDep node_modules/pm2 @pm2/pm2-version-check@1.0.4 OK for: pm2@5.3.0 want: latest
100 silly placeDep node_modules/pm2 async@3.2.5 OK for: pm2@5.3.0 want: ~3.2.0
101 silly placeDep node_modules/pm2 blessed@0.1.81 OK for: pm2@5.3.0 want: 0.1.81
102 silly placeDep node_modules/pm2 chalk@3.0.0 OK for: pm2@5.3.0 want: 3.0.0
103 silly placeDep node_modules/pm2 chokidar@3.5.3 OK for: pm2@5.3.0 want: ^3.5.3
104 silly placeDep node_modules/pm2 cli-tableau@2.0.1 OK for: pm2@5.3.0 want: ^2.0.0
105 silly placeDep node_modules/pm2 commander@2.15.1 OK for: pm2@5.3.0 want: 2.15.1
106 silly placeDep node_modules/pm2 croner@4.1.97 OK for: pm2@5.3.0 want: ~4.1.92
107 silly placeDep node_modules/pm2 dayjs@1.11.10 OK for: pm2@5.3.0 want: ~1.11.5
108 silly placeDep node_modules/pm2 debug@4.3.4 OK for: pm2@5.3.0 want: ^4.3.1
109 silly placeDep node_modules/pm2 enquirer@2.3.6 OK for: pm2@5.3.0 want: 2.3.6
110 silly placeDep node_modules/pm2 eventemitter2@5.0.1 OK for: pm2@5.3.0 want: 5.0.1
111 silly placeDep node_modules/pm2 fclone@1.0.11 OK for: pm2@5.3.0 want: 1.0.11
112 silly placeDep node_modules/pm2 mkdirp@1.0.4 OK for: pm2@5.3.0 want: 1.0.4
113 silly placeDep node_modules/pm2 needle@2.4.0 OK for: pm2@5.3.0 want: 2.4.0
114 silly placeDep node_modules/pm2 pidusage@3.0.2 OK for: pm2@5.3.0 want: ~3.0
115 silly placeDep node_modules/pm2 pm2-axon@4.0.1 OK for: pm2@5.3.0 want: ~4.0.1
116 silly placeDep node_modules/pm2 pm2-axon-rpc@0.7.1 OK for: pm2@5.3.0 want: ~0.7.1
117 silly placeDep node_modules/pm2 pm2-deploy@1.0.2 OK for: pm2@5.3.0 want: ~1.0.2
118 silly placeDep node_modules/pm2 pm2-multimeter@0.1.2 OK for: pm2@5.3.0 want: ^0.1.2
119 silly placeDep node_modules/pm2 pm2-sysmonit@1.2.8 OK for: pm2@5.3.0 want: ^1.2.8
120 silly placeDep node_modules/pm2 promptly@2.2.0 OK for: pm2@5.3.0 want: ^2
121 silly placeDep node_modules/pm2 semver@7.5.4 OK for: pm2@5.3.0 want: ^7.2
122 silly placeDep node_modules/pm2 source-map-support@0.5.21 OK for: pm2@5.3.0 want: 0.5.21
123 silly placeDep node_modules/pm2 sprintf-js@1.1.2 OK for: pm2@5.3.0 want: 1.1.2
124 silly placeDep node_modules/pm2 vizion@2.2.1 OK for: pm2@5.3.0 want: ~2.2.1
125 silly placeDep node_modules/pm2 yamljs@0.3.0 OK for: pm2@5.3.0 want: 0.3.0
126 silly fetch manifest dayjs@~1.8.24
127 silly fetch manifest fast-json-patch@^3.0.0-1
128 silly fetch manifest nssocket@0.6.0
129 silly fetch manifest proxy-agent@~6.3.0
130 silly fetch manifest ws@~7.4.0
131 silly fetch manifest @opencensus/core@0.0.9
132 silly fetch manifest @opencensus/propagation-b3@0.0.8
133 silly fetch manifest async@~2.6.1
134 silly fetch manifest eventemitter2@^6.3.1
135 silly fetch manifest require-in-the-middle@^5.0.0
136 silly fetch manifest shimmer@^1.2.0
137 silly fetch manifest signal-exit@^3.0.3
138 silly fetch manifest tslib@1.9.3
139 silly fetch manifest async@^2.6.3
140 silly fetch manifest axios@^0.21.0
141 silly fetch manifest ws@^7.0.0
142 silly fetch manifest ansi-styles@^4.1.0
143 silly fetch manifest supports-color@^7.1.0
144 silly fetch manifest anymatch@~3.1.2
145 silly fetch manifest braces@~3.0.2
146 silly fetch manifest glob-parent@~5.1.2
147 silly fetch manifest is-binary-path@~2.1.0
148 silly fetch manifest is-glob@~4.0.1
149 silly fetch manifest normalize-path@~3.0.0
150 silly fetch manifest readdirp@~3.6.0
151 silly fetch manifest fsevents@~2.3.2
152 silly fetch manifest ms@2.1.2
153 silly fetch manifest ansi-colors@^4.1.1
154 silly fetch manifest debug@^3.2.6
155 silly fetch manifest iconv-lite@^0.4.4
156 silly fetch manifest sax@^1.2.4
157 silly fetch manifest safe-buffer@^5.2.1
158 silly fetch manifest amp@~0.3.1
159 silly fetch manifest amp-message@~0.1.1
160 silly fetch manifest escape-string-regexp@^4.0.0
161 silly fetch manifest run-series@^1.1.8
162 silly fetch manifest tv4@^1.3.0
163 silly fetch manifest charm@~0.1.1
164 silly fetch manifest pidusage@^2.0.21
165 silly fetch manifest systeminformation@^5.7
166 silly fetch manifest tx2@~1.0.4
167 silly fetch manifest read@^1.0.4
168 silly fetch manifest lru-cache@^6.0.0
169 silly fetch manifest buffer-from@^1.0.0
170 silly fetch manifest source-map@^0.6.0
171 silly fetch manifest git-node-fs@^1.0.0
172 silly fetch manifest ini@^1.3.5
173 silly fetch manifest js-git@^0.7.8
174 silly fetch manifest argparse@^1.0.7
175 silly fetch manifest glob@^7.0.5
176 http fetch GET 200 https://registry.npmjs.org/shimmer 272ms (cache miss)
177 http fetch GET 200 https://registry.npmjs.org/nssocket 283ms (cache miss)
178 http fetch GET 200 https://registry.npmjs.org/is-binary-path 275ms (cache miss)
179 http fetch GET 200 https://registry.npmjs.org/normalize-path 275ms (cache miss)
180 http fetch GET 200 https://registry.npmjs.org/tslib 287ms (cache miss)
181 http fetch GET 200 https://registry.npmjs.org/require-in-the-middle 292ms (cache miss)
182 http fetch GET 200 https://registry.npmjs.org/glob-parent 282ms (cache miss)
183 http fetch GET 200 https://registry.npmjs.org/is-glob 281ms (cache miss)
184 http fetch GET 200 https://registry.npmjs.org/braces 288ms (cache miss)
185 http fetch GET 200 https://registry.npmjs.org/supports-color 293ms (cache miss)
186 http fetch GET 200 https://registry.npmjs.org/amp 277ms (cache miss)
187 http fetch GET 200 https://registry.npmjs.org/safe-buffer 280ms (cache miss)
188 http fetch GET 200 https://registry.npmjs.org/sax 283ms (cache miss)
189 http fetch GET 200 https://registry.npmjs.org/amp-message 281ms (cache miss)
190 http fetch GET 200 https://registry.npmjs.org/escape-string-regexp 280ms (cache miss)
191 http fetch GET 200 https://registry.npmjs.org/run-series 281ms (cache miss)
192 http fetch GET 200 https://registry.npmjs.org/iconv-lite 289ms (cache miss)
193 http fetch GET 200 https://registry.npmjs.org/readdirp 300ms (cache miss)
194 http fetch GET 200 https://registry.npmjs.org/git-node-fs 277ms (cache miss)
195 http fetch GET 200 https://registry.npmjs.org/buffer-from 283ms (cache miss)
196 http fetch GET 200 https://registry.npmjs.org/fast-json-patch 329ms (cache miss)
197 http fetch GET 200 https://registry.npmjs.org/signal-exit 321ms (cache miss)
198 http fetch GET 200 https://registry.npmjs.org/tx2 290ms (cache miss)
199 http fetch GET 200 https://registry.npmjs.org/ansi-styles 318ms (cache miss)
200 http fetch GET 200 https://registry.npmjs.org/proxy-agent 332ms (cache miss)
201 http fetch GET 200 https://registry.npmjs.org/ms 310ms (cache miss)
202 http fetch GET 200 https://registry.npmjs.org/ansi-colors 309ms (cache miss)
203 http fetch GET 200 https://registry.npmjs.org/tv4 299ms (cache miss)
204 http fetch GET 200 https://registry.npmjs.org/read 297ms (cache miss)
205 http fetch GET 200 https://registry.npmjs.org/anymatch 324ms (cache miss)
206 http fetch GET 200 https://registry.npmjs.org/ini 294ms (cache miss)
207 http fetch GET 200 https://registry.npmjs.org/js-git 294ms (cache miss)
208 http fetch GET 200 https://registry.npmjs.org/argparse 294ms (cache miss)
209 http fetch GET 200 https://registry.npmjs.org/@opencensus%2fcore 342ms (cache miss)
210 http fetch GET 200 https://registry.npmjs.org/fsevents 324ms (cache miss)
211 http fetch GET 200 https://registry.npmjs.org/source-map 304ms (cache miss)
212 http fetch GET 200 https://registry.npmjs.org/axios 341ms (cache miss)
213 http fetch GET 200 https://registry.npmjs.org/charm 319ms (cache miss)
214 http fetch GET 200 https://registry.npmjs.org/glob 309ms (cache miss)
215 http fetch GET 200 https://registry.npmjs.org/lru-cache 322ms (cache miss)
216 http fetch GET 200 https://registry.npmjs.org/ws 368ms (cache miss)
217 http fetch GET 200 https://registry.npmjs.org/systeminformation 345ms (cache miss)
218 http fetch GET 200 https://registry.npmjs.org/@opencensus%2fpropagation-b3 704ms (cache miss)
219 timing idealTree:node_modules/pm2 Completed in 791ms
220 silly fetch manifest bufferutil@^4.0.1
221 http fetch GET 200 https://registry.npmjs.org/bufferutil 31ms (cache miss)
222 silly fetch manifest utf-8-validate@^5.0.2
223 http fetch GET 200 https://registry.npmjs.org/utf-8-validate 25ms (cache miss)
224 silly placeDep node_modules/pm2/node_modules/@pm2/agent dayjs@1.8.36 OK for: @pm2/agent@2.0.3 want: ~1.8.24
225 silly placeDep node_modules/pm2 fast-json-patch@3.1.1 OK for: @pm2/agent@2.0.3 want: ^3.0.0-1
226 silly placeDep node_modules/pm2 nssocket@0.6.0 OK for: @pm2/agent@2.0.3 want: 0.6.0
227 silly placeDep node_modules/pm2 proxy-agent@6.3.1 OK for: @pm2/agent@2.0.3 want: ~6.3.0
228 silly placeDep node_modules/pm2 ws@7.4.6 OK for: @pm2/agent@2.0.3 want: ~7.4.0
229 silly fetch manifest eventemitter2@~0.4.14
230 silly fetch manifest lazy@~1.0.11
231 silly fetch manifest agent-base@^7.0.2
232 silly fetch manifest http-proxy-agent@^7.0.0
233 silly fetch manifest https-proxy-agent@^7.0.2
234 silly fetch manifest lru-cache@^7.14.1
235 silly fetch manifest pac-proxy-agent@^7.0.1
236 silly fetch manifest proxy-from-env@^1.1.0
237 silly fetch manifest socks-proxy-agent@^8.0.2
238 http fetch GET 200 https://registry.npmjs.org/lazy 56ms (cache miss)
239 http fetch GET 200 https://registry.npmjs.org/pac-proxy-agent 53ms (cache miss)
240 http fetch GET 200 https://registry.npmjs.org/agent-base 58ms (cache miss)
241 http fetch GET 200 https://registry.npmjs.org/proxy-from-env 55ms (cache miss)
242 http fetch GET 200 https://registry.npmjs.org/socks-proxy-agent 55ms (cache miss)
243 http fetch GET 200 https://registry.npmjs.org/https-proxy-agent 59ms (cache miss)
244 http fetch GET 200 https://registry.npmjs.org/http-proxy-agent 62ms (cache miss)
245 timing idealTree:node_modules/pm2/node_modules/@pm2/agent Completed in 141ms
246 silly placeDep node_modules/pm2 @opencensus/core@0.0.9 OK for: @pm2/io@5.0.2 want: 0.0.9
247 silly placeDep node_modules/pm2 @opencensus/propagation-b3@0.0.8 OK for: @pm2/io@5.0.2 want: 0.0.8
248 silly placeDep node_modules/pm2/node_modules/@pm2/io async@2.6.4 OK for: @pm2/io@5.0.2 want: ~2.6.1
249 silly placeDep node_modules/pm2/node_modules/@pm2/io eventemitter2@6.4.9 OK for: @pm2/io@5.0.2 want: ^6.3.1
250 silly placeDep node_modules/pm2 require-in-the-middle@5.2.0 OK for: @pm2/io@5.0.2 want: ^5.0.0
251 silly placeDep node_modules/pm2 shimmer@1.2.1 OK for: @pm2/io@5.0.2 want: ^1.2.0
252 silly placeDep node_modules/pm2 signal-exit@3.0.7 OK for: @pm2/io@5.0.2 want: ^3.0.3
253 silly placeDep node_modules/pm2 tslib@1.9.3 OK for: @pm2/io@5.0.2 want: 1.9.3
254 silly fetch manifest continuation-local-storage@^3.2.1
255 silly fetch manifest log-driver@^1.2.7
256 silly fetch manifest semver@^5.5.0
257 silly fetch manifest uuid@^3.2.1
258 silly fetch manifest @opencensus/core@^0.0.8
259 silly fetch manifest lodash@^4.17.14
260 silly fetch manifest module-details-from-path@^1.0.3
261 silly fetch manifest resolve@^1.22.1
262 http fetch GET 200 https://registry.npmjs.org/module-details-from-path 40ms (cache miss)
263 http fetch GET 200 https://registry.npmjs.org/lodash 43ms (cache miss)
264 http fetch GET 200 https://registry.npmjs.org/continuation-local-storage 47ms (cache miss)
265 http fetch GET 200 https://registry.npmjs.org/uuid 46ms (cache miss)
266 http fetch GET 200 https://registry.npmjs.org/resolve 51ms (cache miss)
267 http fetch GET 200 https://registry.npmjs.org/log-driver 368ms (cache miss)
268 timing idealTree:node_modules/pm2/node_modules/@pm2/io Completed in 391ms
269 silly placeDep node_modules/pm2 continuation-local-storage@3.2.1 OK for: @opencensus/core@0.0.9 want: ^3.2.1
270 silly placeDep node_modules/pm2 log-driver@1.2.7 OK for: @opencensus/core@0.0.9 want: ^1.2.7
271 silly placeDep node_modules/pm2/node_modules/@opencensus/core semver@5.7.2 OK for: @opencensus/core@0.0.9 want: ^5.5.0
272 silly placeDep node_modules/pm2 uuid@3.4.0 OK for: @opencensus/core@0.0.9 want: ^3.2.1
273 silly fetch manifest async-listener@^0.6.0
274 silly fetch manifest emitter-listener@^1.1.1
275 http fetch GET 200 https://registry.npmjs.org/emitter-listener 24ms (cache miss)
276 http fetch GET 200 https://registry.npmjs.org/async-listener 36ms (cache miss)
277 timing idealTree:node_modules/pm2/node_modules/@opencensus/core Completed in 45ms
278 silly placeDep node_modules/pm2/node_modules/@opencensus/propagation-b3 @opencensus/core@0.0.8 OK for: @opencensus/propagation-b3@0.0.8 want: ^0.0.8
279 timing idealTree:node_modules/pm2/node_modules/@opencensus/propagation-b3 Completed in 3ms
280 silly placeDep node_modules/pm2/node_modules/@pm2/js-api async@2.6.4 OK for: @pm2/js-api@0.6.7 want: ^2.6.3
281 silly placeDep node_modules/pm2 axios@0.21.4 OK for: @pm2/js-api@0.6.7 want: ^0.21.0
282 silly placeDep node_modules/pm2/node_modules/@pm2/js-api eventemitter2@6.4.9 OK for: @pm2/js-api@0.6.7 want: ^6.3.1
283 silly fetch manifest follow-redirects@^1.14.0
284 http fetch GET 200 https://registry.npmjs.org/follow-redirects 28ms (cache miss)
285 timing idealTree:node_modules/pm2/node_modules/@pm2/js-api Completed in 46ms
286 timing idealTree:node_modules/pm2/node_modules/@pm2/pm2-version-check Completed in 0ms
287 timing idealTree:node_modules/pm2/node_modules/async Completed in 0ms
288 silly placeDep node_modules/pm2 follow-redirects@1.15.3 OK for: axios@0.21.4 want: ^1.14.0
289 timing idealTree:node_modules/pm2/node_modules/axios Completed in 2ms
290 timing idealTree:node_modules/pm2/node_modules/blessed Completed in 0ms
291 silly placeDep node_modules/pm2 ansi-styles@4.3.0 OK for: chalk@3.0.0 want: ^4.1.0
292 silly placeDep node_modules/pm2 supports-color@7.2.0 OK for: chalk@3.0.0 want: ^7.1.0
293 silly fetch manifest color-convert@^2.0.1
294 silly fetch manifest has-flag@^4.0.0
295 http fetch GET 200 https://registry.npmjs.org/has-flag 26ms (cache miss)
296 http fetch GET 200 https://registry.npmjs.org/color-convert 40ms (cache miss)
297 timing idealTree:node_modules/pm2/node_modules/chalk Completed in 44ms
298 silly placeDep node_modules/pm2 color-convert@2.0.1 OK for: ansi-styles@4.3.0 want: ^2.0.1
299 silly fetch manifest color-name@~1.1.4
300 http fetch GET 200 https://registry.npmjs.org/color-name 36ms (cache miss)
301 timing idealTree:node_modules/pm2/node_modules/ansi-styles Completed in 40ms
302 silly placeDep node_modules/pm2 anymatch@3.1.3 OK for: chokidar@3.5.3 want: ~3.1.2
303 silly placeDep node_modules/pm2 braces@3.0.2 OK for: chokidar@3.5.3 want: ~3.0.2
304 silly placeDep node_modules/pm2 fsevents@2.3.3 OK for: chokidar@3.5.3 want: ~2.3.2
305 silly placeDep node_modules/pm2 glob-parent@5.1.2 OK for: chokidar@3.5.3 want: ~5.1.2
306 silly placeDep node_modules/pm2 is-binary-path@2.1.0 OK for: chokidar@3.5.3 want: ~2.1.0
307 silly placeDep node_modules/pm2 is-glob@4.0.3 OK for: chokidar@3.5.3 want: ~4.0.1
308 silly placeDep node_modules/pm2 normalize-path@3.0.0 OK for: chokidar@3.5.3 want: ~3.0.0
309 silly placeDep node_modules/pm2 readdirp@3.6.0 OK for: chokidar@3.5.3 want: ~3.6.0
310 silly fetch manifest picomatch@^2.0.4
311 silly fetch manifest fill-range@^7.0.1
312 silly fetch manifest binary-extensions@^2.0.0
313 silly fetch manifest is-extglob@^2.1.1
314 silly fetch manifest picomatch@^2.2.1
315 http fetch GET 200 https://registry.npmjs.org/binary-extensions 35ms (cache miss)
316 http fetch GET 200 https://registry.npmjs.org/is-extglob 35ms (cache miss)
317 http fetch GET 200 https://registry.npmjs.org/fill-range 37ms (cache miss)
318 http fetch GET 200 https://registry.npmjs.org/picomatch 43ms (cache miss)
319 timing idealTree:node_modules/pm2/node_modules/chokidar Completed in 57ms
320 silly placeDep node_modules/pm2 picomatch@2.3.1 OK for: anymatch@3.1.3 want: ^2.0.4
321 timing idealTree:node_modules/pm2/node_modules/anymatch Completed in 2ms
322 silly placeDep node_modules/pm2 fill-range@7.0.1 OK for: braces@3.0.2 want: ^7.0.1
323 silly fetch manifest to-regex-range@^5.0.1
324 http fetch GET 200 https://registry.npmjs.org/to-regex-range 32ms (cache miss)
325 timing idealTree:node_modules/pm2/node_modules/braces Completed in 36ms
326 timing idealTree:node_modules/pm2/node_modules/cli-tableau Completed in 0ms
327 silly placeDep node_modules/pm2 color-name@1.1.4 OK for: color-convert@2.0.1 want: ~1.1.4
328 timing idealTree:node_modules/pm2/node_modules/color-convert Completed in 1ms
329 timing idealTree:node_modules/pm2/node_modules/color-name Completed in 0ms
330 timing idealTree:node_modules/pm2/node_modules/commander Completed in 0ms
331 silly placeDep node_modules/pm2 async-listener@0.6.10 OK for: continuation-local-storage@3.2.1 want: ^0.6.0
332 silly placeDep node_modules/pm2 emitter-listener@1.1.2 OK for: continuation-local-storage@3.2.1 want: ^1.1.1
333 silly fetch manifest semver@^5.3.0
334 timing idealTree:node_modules/pm2/node_modules/continuation-local-storage Completed in 7ms
335 silly placeDep node_modules/pm2/node_modules/async-listener semver@5.7.2 OK for: async-listener@0.6.10 want: ^5.3.0
336 timing idealTree:node_modules/pm2/node_modules/async-listener Completed in 2ms
337 timing idealTree:node_modules/pm2/node_modules/croner Completed in 0ms
338 timing idealTree:node_modules/pm2/node_modules/dayjs Completed in 0ms
339 silly placeDep node_modules/pm2 ms@2.1.2 OK for: debug@4.3.4 want: 2.1.2
340 timing idealTree:node_modules/pm2/node_modules/debug Completed in 1ms
341 timing idealTree:node_modules/pm2/node_modules/emitter-listener Completed in 0ms
342 silly placeDep node_modules/pm2 ansi-colors@4.1.3 OK for: enquirer@2.3.6 want: ^4.1.1
343 timing idealTree:node_modules/pm2/node_modules/enquirer Completed in 2ms
344 timing idealTree:node_modules/pm2/node_modules/ansi-colors Completed in 0ms
345 timing idealTree:node_modules/pm2/node_modules/eventemitter2 Completed in 0ms
346 timing idealTree:node_modules/pm2/node_modules/fast-json-patch Completed in 0ms
347 timing idealTree:node_modules/pm2/node_modules/fclone Completed in 0ms
348 silly placeDep node_modules/pm2 to-regex-range@5.0.1 OK for: fill-range@7.0.1 want: ^5.0.1
349 silly fetch manifest is-number@^7.0.0
350 http fetch GET 200 https://registry.npmjs.org/is-number 30ms (cache miss)
351 timing idealTree:node_modules/pm2/node_modules/fill-range Completed in 35ms
352 timing idealTree:node_modules/pm2/node_modules/follow-redirects Completed in 0ms
353 timing idealTree:node_modules/pm2/node_modules/fsevents Completed in 0ms
354 timing idealTree:node_modules/pm2/node_modules/glob-parent Completed in 0ms
355 silly placeDep node_modules/pm2 binary-extensions@2.2.0 OK for: is-binary-path@2.1.0 want: ^2.0.0
356 timing idealTree:node_modules/pm2/node_modules/is-binary-path Completed in 3ms
357 timing idealTree:node_modules/pm2/node_modules/binary-extensions Completed in 0ms
358 silly placeDep node_modules/pm2 is-extglob@2.1.1 OK for: is-glob@4.0.3 want: ^2.1.1
359 timing idealTree:node_modules/pm2/node_modules/is-glob Completed in 2ms
360 timing idealTree:node_modules/pm2/node_modules/is-extglob Completed in 0ms
361 timing idealTree:node_modules/pm2/node_modules/log-driver Completed in 0ms
362 timing idealTree:node_modules/pm2/node_modules/mkdirp Completed in 0ms
363 timing idealTree:node_modules/pm2/node_modules/ms Completed in 0ms
364 silly placeDep node_modules/pm2/node_modules/needle debug@3.2.7 OK for: needle@2.4.0 want: ^3.2.6
365 silly placeDep node_modules/pm2 iconv-lite@0.4.24 OK for: needle@2.4.0 want: ^0.4.4
366 silly placeDep node_modules/pm2 sax@1.3.0 OK for: needle@2.4.0 want: ^1.2.4
367 silly fetch manifest safer-buffer@>= 2.1.2 < 3
368 http fetch GET 200 https://registry.npmjs.org/safer-buffer 24ms (cache miss)
369 timing idealTree:node_modules/pm2/node_modules/needle Completed in 31ms
370 silly placeDep node_modules/pm2 safer-buffer@2.1.2 OK for: iconv-lite@0.4.24 want: >= 2.1.2 < 3
371 timing idealTree:node_modules/pm2/node_modules/iconv-lite Completed in 1ms
372 timing idealTree:node_modules/pm2/node_modules/normalize-path Completed in 0ms
373 silly placeDep node_modules/pm2/node_modules/nssocket eventemitter2@0.4.14 OK for: nssocket@0.6.0 want: ~0.4.14
374 silly placeDep node_modules/pm2 lazy@1.0.11 OK for: nssocket@0.6.0 want: ~1.0.11
375 timing idealTree:node_modules/pm2/node_modules/nssocket Completed in 2ms
376 timing idealTree:node_modules/pm2/node_modules/lazy Completed in 0ms
377 timing idealTree:node_modules/pm2/node_modules/picomatch Completed in 0ms
378 silly placeDep node_modules/pm2 safe-buffer@5.2.1 OK for: pidusage@3.0.2 want: ^5.2.1
379 timing idealTree:node_modules/pm2/node_modules/pidusage Completed in 5ms
380 silly placeDep node_modules/pm2 amp@0.3.1 OK for: pm2-axon@4.0.1 want: ~0.3.1
381 silly placeDep node_modules/pm2 amp-message@0.1.2 OK for: pm2-axon@4.0.1 want: ~0.1.1
382 silly placeDep node_modules/pm2 escape-string-regexp@4.0.0 OK for: pm2-axon@4.0.1 want: ^4.0.0
383 timing idealTree:node_modules/pm2/node_modules/pm2-axon Completed in 11ms
384 timing idealTree:node_modules/pm2/node_modules/amp Completed in 0ms
385 timing idealTree:node_modules/pm2/node_modules/amp-message Completed in 0ms
386 timing idealTree:node_modules/pm2/node_modules/escape-string-regexp Completed in 0ms
387 timing idealTree:node_modules/pm2/node_modules/pm2-axon-rpc Completed in 0ms
388 silly placeDep node_modules/pm2 run-series@1.1.9 OK for: pm2-deploy@1.0.2 want: ^1.1.8
389 silly placeDep node_modules/pm2 tv4@1.3.0 OK for: pm2-deploy@1.0.2 want: ^1.3.0
390 timing idealTree:node_modules/pm2/node_modules/pm2-deploy Completed in 2ms
391 silly placeDep node_modules/pm2 charm@0.1.2 OK for: pm2-multimeter@0.1.2 want: ~0.1.1
392 timing idealTree:node_modules/pm2/node_modules/pm2-multimeter Completed in 2ms
393 timing idealTree:node_modules/pm2/node_modules/charm Completed in 0ms
394 silly placeDep node_modules/pm2/node_modules/pm2-sysmonit pidusage@2.0.21 OK for: pm2-sysmonit@1.2.8 want: ^2.0.21
395 silly placeDep node_modules/pm2 systeminformation@5.21.20 OK for: pm2-sysmonit@1.2.8 want: ^5.7
396 silly placeDep node_modules/pm2 tx2@1.0.5 OK for: pm2-sysmonit@1.2.8 want: ~1.0.4
397 silly fetch manifest json-stringify-safe@^5.0.1
398 http fetch GET 200 https://registry.npmjs.org/json-stringify-safe 34ms (cache miss)
399 timing idealTree:node_modules/pm2/node_modules/pm2-sysmonit Completed in 40ms
400 silly placeDep node_modules/pm2 read@1.0.7 OK for: promptly@2.2.0 want: ^1.0.4
401 silly fetch manifest mute-stream@~0.0.4
402 http fetch GET 200 https://registry.npmjs.org/mute-stream 26ms (cache miss)
403 timing idealTree:node_modules/pm2/node_modules/promptly Completed in 30ms
404 silly placeDep node_modules/pm2 agent-base@7.1.0 OK for: proxy-agent@6.3.1 want: ^7.0.2
405 silly placeDep node_modules/pm2 http-proxy-agent@7.0.0 OK for: proxy-agent@6.3.1 want: ^7.0.0
406 silly placeDep node_modules/pm2 https-proxy-agent@7.0.2 OK for: proxy-agent@6.3.1 want: ^7.0.2
407 silly placeDep node_modules/pm2 lru-cache@7.18.3 OK for: proxy-agent@6.3.1 want: ^7.14.1
408 silly placeDep node_modules/pm2 pac-proxy-agent@7.0.1 OK for: proxy-agent@6.3.1 want: ^7.0.1
409 silly placeDep node_modules/pm2 proxy-from-env@1.1.0 OK for: proxy-agent@6.3.1 want: ^1.1.0
410 silly placeDep node_modules/pm2 socks-proxy-agent@8.0.2 OK for: proxy-agent@6.3.1 want: ^8.0.2
411 silly fetch manifest @tootallnate/quickjs-emscripten@^0.23.0
412 silly fetch manifest get-uri@^6.0.1
413 silly fetch manifest pac-resolver@^7.0.0
414 silly fetch manifest socks@^2.7.1
415 http fetch GET 200 https://registry.npmjs.org/socks 35ms (cache miss)
416 http fetch GET 200 https://registry.npmjs.org/pac-resolver 37ms (cache miss)
417 http fetch GET 200 https://registry.npmjs.org/get-uri 40ms (cache miss)
418 http fetch GET 200 https://registry.npmjs.org/@tootallnate%2fquickjs-emscripten 49ms (cache miss)
419 timing idealTree:node_modules/pm2/node_modules/proxy-agent Completed in 64ms
420 timing idealTree:node_modules/pm2/node_modules/agent-base Completed in 0ms
421 timing idealTree:node_modules/pm2/node_modules/http-proxy-agent Completed in 0ms
422 timing idealTree:node_modules/pm2/node_modules/https-proxy-agent Completed in 0ms
423 timing idealTree:node_modules/pm2/node_modules/lru-cache Completed in 0ms
424 silly placeDep node_modules/pm2 @tootallnate/quickjs-emscripten@0.23.0 OK for: pac-proxy-agent@7.0.1 want: ^0.23.0
425 silly placeDep node_modules/pm2 get-uri@6.0.2 OK for: pac-proxy-agent@7.0.1 want: ^6.0.1
426 silly placeDep node_modules/pm2 pac-resolver@7.0.0 OK for: pac-proxy-agent@7.0.1 want: ^7.0.0
427 silly fetch manifest basic-ftp@^5.0.2
428 silly fetch manifest data-uri-to-buffer@^6.0.0
429 silly fetch manifest fs-extra@^8.1.0
430 silly fetch manifest degenerator@^5.0.0
431 silly fetch manifest ip@^1.1.8
432 silly fetch manifest netmask@^2.0.2
433 http fetch GET 200 https://registry.npmjs.org/data-uri-to-buffer 47ms (cache miss)
434 http fetch GET 200 https://registry.npmjs.org/netmask 44ms (cache miss)
435 http fetch GET 200 https://registry.npmjs.org/ip 46ms (cache miss)
436 http fetch GET 200 https://registry.npmjs.org/fs-extra 49ms (cache miss)
437 http fetch GET 200 https://registry.npmjs.org/degenerator 51ms (cache miss)
438 http fetch GET 200 https://registry.npmjs.org/basic-ftp 85ms (cache miss)
439 timing idealTree:node_modules/pm2/node_modules/pac-proxy-agent Completed in 92ms
440 timing idealTree:node_modules/pm2/node_modules/@tootallnate/quickjs-emscripten Completed in 0ms
441 silly placeDep node_modules/pm2 basic-ftp@5.0.4 OK for: get-uri@6.0.2 want: ^5.0.2
442 silly placeDep node_modules/pm2 data-uri-to-buffer@6.0.1 OK for: get-uri@6.0.2 want: ^6.0.0
443 silly placeDep node_modules/pm2 fs-extra@8.1.0 OK for: get-uri@6.0.2 want: ^8.1.0
444 silly fetch manifest graceful-fs@^4.2.0
445 silly fetch manifest jsonfile@^4.0.0
446 silly fetch manifest universalify@^0.1.0
447 http fetch GET 200 https://registry.npmjs.org/graceful-fs 35ms (cache miss)
448 http fetch GET 200 https://registry.npmjs.org/universalify 38ms (cache miss)
449 http fetch GET 200 https://registry.npmjs.org/jsonfile 69ms (cache miss)
450 timing idealTree:node_modules/pm2/node_modules/get-uri Completed in 76ms
451 timing idealTree:node_modules/pm2/node_modules/basic-ftp Completed in 0ms
452 timing idealTree:node_modules/pm2/node_modules/data-uri-to-buffer Completed in 0ms
453 silly placeDep node_modules/pm2 graceful-fs@4.2.11 OK for: fs-extra@8.1.0 want: ^4.2.0
454 silly placeDep node_modules/pm2 jsonfile@4.0.0 OK for: fs-extra@8.1.0 want: ^4.0.0
455 silly placeDep node_modules/pm2 universalify@0.1.2 OK for: fs-extra@8.1.0 want: ^0.1.0
456 timing idealTree:node_modules/pm2/node_modules/fs-extra Completed in 5ms
457 timing idealTree:node_modules/pm2/node_modules/graceful-fs Completed in 0ms
458 timing idealTree:node_modules/pm2/node_modules/jsonfile Completed in 0ms
459 silly placeDep node_modules/pm2 degenerator@5.0.1 OK for: pac-resolver@7.0.0 want: ^5.0.0
460 silly placeDep node_modules/pm2 ip@1.1.8 OK for: pac-resolver@7.0.0 want: ^1.1.8
461 silly placeDep node_modules/pm2 netmask@2.0.2 OK for: pac-resolver@7.0.0 want: ^2.0.2
462 silly fetch manifest ast-types@^0.13.4
463 silly fetch manifest escodegen@^2.1.0
464 silly fetch manifest esprima@^4.0.1
465 http fetch GET 200 https://registry.npmjs.org/esprima 37ms (cache miss)
466 http fetch GET 200 https://registry.npmjs.org/escodegen 41ms (cache miss)
467 http fetch GET 200 https://registry.npmjs.org/ast-types 43ms (cache miss)
468 timing idealTree:node_modules/pm2/node_modules/pac-resolver Completed in 51ms
469 silly placeDep node_modules/pm2 ast-types@0.13.4 OK for: degenerator@5.0.1 want: ^0.13.4
470 silly placeDep node_modules/pm2 escodegen@2.1.0 OK for: degenerator@5.0.1 want: ^2.1.0
471 silly placeDep node_modules/pm2 esprima@4.0.1 OK for: degenerator@5.0.1 want: ^4.0.1
472 silly fetch manifest tslib@^2.0.1
473 silly fetch manifest estraverse@^5.2.0
474 silly fetch manifest esutils@^2.0.2
475 silly fetch manifest source-map@~0.6.1
476 http fetch GET 200 https://registry.npmjs.org/estraverse 34ms (cache miss)
477 http fetch GET 200 https://registry.npmjs.org/esutils 52ms (cache miss)
478 timing idealTree:node_modules/pm2/node_modules/degenerator Completed in 58ms
479 silly placeDep node_modules/pm2/node_modules/ast-types tslib@2.6.2 OK for: ast-types@0.13.4 want: ^2.0.1
480 timing idealTree:node_modules/pm2/node_modules/ast-types Completed in 3ms
481 silly placeDep node_modules/pm2 estraverse@5.3.0 OK for: escodegen@2.1.0 want: ^5.2.0
482 silly placeDep node_modules/pm2 esutils@2.0.3 OK for: escodegen@2.1.0 want: ^2.0.2
483 silly placeDep node_modules/pm2 source-map@0.6.1 OK for: escodegen@2.1.0 want: ~0.6.1
484 timing idealTree:node_modules/pm2/node_modules/escodegen Completed in 4ms
485 timing idealTree:node_modules/pm2/node_modules/esprima Completed in 0ms
486 timing idealTree:node_modules/pm2/node_modules/estraverse Completed in 0ms
487 timing idealTree:node_modules/pm2/node_modules/esutils Completed in 0ms
488 timing idealTree:node_modules/pm2/node_modules/ip Completed in 0ms
489 timing idealTree:node_modules/pm2/node_modules/netmask Completed in 0ms
490 timing idealTree:node_modules/pm2/node_modules/proxy-from-env Completed in 0ms
491 silly placeDep node_modules/pm2 mute-stream@0.0.8 OK for: read@1.0.7 want: ~0.0.4
492 timing idealTree:node_modules/pm2/node_modules/read Completed in 2ms
493 timing idealTree:node_modules/pm2/node_modules/mute-stream Completed in 0ms
494 timing idealTree:node_modules/pm2/node_modules/readdirp Completed in 0ms
495 silly placeDep node_modules/pm2 module-details-from-path@1.0.3 OK for: require-in-the-middle@5.2.0 want: ^1.0.3
496 silly placeDep node_modules/pm2 resolve@1.22.8 OK for: require-in-the-middle@5.2.0 want: ^1.22.1
497 silly fetch manifest is-core-module@^2.13.0
498 silly fetch manifest path-parse@^1.0.7
499 silly fetch manifest supports-preserve-symlinks-flag@^1.0.0
500 http fetch GET 200 https://registry.npmjs.org/supports-preserve-symlinks-flag 32ms (cache miss)
501 http fetch GET 200 https://registry.npmjs.org/is-core-module 34ms (cache miss)
502 http fetch GET 200 https://registry.npmjs.org/path-parse 39ms (cache miss)
503 timing idealTree:node_modules/pm2/node_modules/require-in-the-middle Completed in 43ms
504 timing idealTree:node_modules/pm2/node_modules/module-details-from-path Completed in 0ms
505 silly placeDep node_modules/pm2 is-core-module@2.13.1 OK for: resolve@1.22.8 want: ^2.13.0
506 silly placeDep node_modules/pm2 path-parse@1.0.7 OK for: resolve@1.22.8 want: ^1.0.7
507 silly placeDep node_modules/pm2 supports-preserve-symlinks-flag@1.0.0 OK for: resolve@1.22.8 want: ^1.0.0
508 silly fetch manifest hasown@^2.0.0
509 http fetch GET 200 https://registry.npmjs.org/hasown 36ms (cache miss)
510 timing idealTree:node_modules/pm2/node_modules/resolve Completed in 45ms
511 silly placeDep node_modules/pm2 hasown@2.0.0 OK for: is-core-module@2.13.1 want: ^2.0.0
512 silly fetch manifest function-bind@^1.1.2
513 http fetch GET 200 https://registry.npmjs.org/function-bind 31ms (cache miss)
514 timing idealTree:node_modules/pm2/node_modules/is-core-module Completed in 38ms
515 silly placeDep node_modules/pm2 function-bind@1.1.2 OK for: hasown@2.0.0 want: ^1.1.2
516 timing idealTree:node_modules/pm2/node_modules/hasown Completed in 1ms
517 timing idealTree:node_modules/pm2/node_modules/function-bind Completed in 0ms
518 timing idealTree:node_modules/pm2/node_modules/path-parse Completed in 0ms
519 timing idealTree:node_modules/pm2/node_modules/run-series Completed in 0ms
520 timing idealTree:node_modules/pm2/node_modules/safe-buffer Completed in 0ms
521 timing idealTree:node_modules/pm2/node_modules/safer-buffer Completed in 0ms
522 timing idealTree:node_modules/pm2/node_modules/sax Completed in 0ms
523 silly placeDep node_modules/pm2/node_modules/semver lru-cache@6.0.0 OK for: semver@7.5.4 want: ^6.0.0
524 silly fetch manifest yallist@^4.0.0
525 http fetch GET 200 https://registry.npmjs.org/yallist 26ms (cache miss)
526 timing idealTree:node_modules/pm2/node_modules/semver Completed in 29ms
527 timing idealTree:node_modules/pm2/node_modules/shimmer Completed in 0ms
528 timing idealTree:node_modules/pm2/node_modules/signal-exit Completed in 0ms
529 silly placeDep node_modules/pm2 socks@2.7.1 OK for: socks-proxy-agent@8.0.2 want: ^2.7.1
530 silly fetch manifest ip@^2.0.0
531 silly fetch manifest smart-buffer@^4.2.0
532 http fetch GET 200 https://registry.npmjs.org/smart-buffer 34ms (cache miss)
533 timing idealTree:node_modules/pm2/node_modules/socks-proxy-agent Completed in 37ms
534 silly placeDep node_modules/pm2/node_modules/socks ip@2.0.0 OK for: socks@2.7.1 want: ^2.0.0
535 silly placeDep node_modules/pm2 smart-buffer@4.2.0 OK for: socks@2.7.1 want: ^4.2.0
536 timing idealTree:node_modules/pm2/node_modules/socks Completed in 2ms
537 timing idealTree:node_modules/pm2/node_modules/smart-buffer Completed in 0ms
538 timing idealTree:node_modules/pm2/node_modules/source-map Completed in 0ms
539 silly placeDep node_modules/pm2 buffer-from@1.1.2 OK for: source-map-support@0.5.21 want: ^1.0.0
540 timing idealTree:node_modules/pm2/node_modules/source-map-support Completed in 1ms
541 timing idealTree:node_modules/pm2/node_modules/buffer-from Completed in 0ms
542 timing idealTree:node_modules/pm2/node_modules/sprintf-js Completed in 0ms
543 silly placeDep node_modules/pm2 has-flag@4.0.0 OK for: supports-color@7.2.0 want: ^4.0.0
544 timing idealTree:node_modules/pm2/node_modules/supports-color Completed in 2ms
545 timing idealTree:node_modules/pm2/node_modules/has-flag Completed in 0ms
546 timing idealTree:node_modules/pm2/node_modules/supports-preserve-symlinks-flag Completed in 0ms
547 timing idealTree:node_modules/pm2/node_modules/systeminformation Completed in 0ms
548 silly placeDep node_modules/pm2 is-number@7.0.0 OK for: to-regex-range@5.0.1 want: ^7.0.0
549 timing idealTree:node_modules/pm2/node_modules/to-regex-range Completed in 1ms
550 timing idealTree:node_modules/pm2/node_modules/is-number Completed in 0ms
551 timing idealTree:node_modules/pm2/node_modules/tslib Completed in 0ms
552 timing idealTree:node_modules/pm2/node_modules/tv4 Completed in 0ms
553 silly placeDep node_modules/pm2 json-stringify-safe@5.0.1 OK for: tx2@1.0.5 want: ^5.0.1
554 timing idealTree:node_modules/pm2/node_modules/tx2 Completed in 3ms
555 timing idealTree:node_modules/pm2/node_modules/json-stringify-safe Completed in 0ms
556 timing idealTree:node_modules/pm2/node_modules/universalify Completed in 0ms
557 timing idealTree:node_modules/pm2/node_modules/uuid Completed in 0ms
558 silly placeDep node_modules/pm2/node_modules/vizion async@2.6.4 OK for: vizion@2.2.1 want: ^2.6.3
559 silly placeDep node_modules/pm2 git-node-fs@1.0.0 OK for: vizion@2.2.1 want: ^1.0.0
560 silly placeDep node_modules/pm2 ini@1.3.8 OK for: vizion@2.2.1 want: ^1.3.5
561 silly placeDep node_modules/pm2 js-git@0.7.8 OK for: vizion@2.2.1 want: ^0.7.8
562 silly fetch manifest bodec@^0.1.0
563 silly fetch manifest culvert@^0.1.2
564 silly fetch manifest git-sha1@^0.1.2
565 silly fetch manifest pako@^0.2.5
566 http fetch GET 200 https://registry.npmjs.org/git-sha1 31ms (cache miss)
567 http fetch GET 200 https://registry.npmjs.org/pako 31ms (cache miss)
568 http fetch GET 200 https://registry.npmjs.org/culvert 134ms (cache miss)
569 http fetch GET 200 https://registry.npmjs.org/bodec 480ms (cache miss)
570 timing idealTree:node_modules/pm2/node_modules/vizion Completed in 485ms
571 timing idealTree:node_modules/pm2/node_modules/git-node-fs Completed in 0ms
572 timing idealTree:node_modules/pm2/node_modules/ini Completed in 0ms
573 silly placeDep node_modules/pm2 bodec@0.1.0 OK for: js-git@0.7.8 want: ^0.1.0
574 silly placeDep node_modules/pm2 culvert@0.1.2 OK for: js-git@0.7.8 want: ^0.1.2
575 silly placeDep node_modules/pm2 git-sha1@0.1.2 OK for: js-git@0.7.8 want: ^0.1.2
576 silly placeDep node_modules/pm2 pako@0.2.9 OK for: js-git@0.7.8 want: ^0.2.5
577 timing idealTree:node_modules/pm2/node_modules/js-git Completed in 6ms
578 timing idealTree:node_modules/pm2/node_modules/bodec Completed in 0ms
579 timing idealTree:node_modules/pm2/node_modules/culvert Completed in 0ms
580 timing idealTree:node_modules/pm2/node_modules/git-sha1 Completed in 0ms
581 timing idealTree:node_modules/pm2/node_modules/pako Completed in 0ms
582 timing idealTree:node_modules/pm2/node_modules/ws Completed in 0ms
583 silly placeDep node_modules/pm2 argparse@1.0.10 OK for: yamljs@0.3.0 want: ^1.0.7
584 silly placeDep node_modules/pm2 glob@7.2.3 OK for: yamljs@0.3.0 want: ^7.0.5
585 silly fetch manifest sprintf-js@~1.0.2
586 silly fetch manifest fs.realpath@^1.0.0
587 silly fetch manifest inflight@^1.0.4
588 silly fetch manifest inherits@2
589 silly fetch manifest minimatch@^3.1.1
590 silly fetch manifest once@^1.3.0
591 silly fetch manifest path-is-absolute@^1.0.0
592 http fetch GET 200 https://registry.npmjs.org/once 46ms (cache miss)
593 http fetch GET 200 https://registry.npmjs.org/path-is-absolute 45ms (cache miss)
594 http fetch GET 200 https://registry.npmjs.org/fs.realpath 50ms (cache miss)
595 http fetch GET 200 https://registry.npmjs.org/inflight 49ms (cache miss)
596 http fetch GET 200 https://registry.npmjs.org/minimatch 50ms (cache miss)
597 http fetch GET 200 https://registry.npmjs.org/inherits 59ms (cache miss)
598 timing idealTree:node_modules/pm2/node_modules/yamljs Completed in 68ms
599 silly placeDep node_modules/pm2/node_modules/argparse sprintf-js@1.0.3 OK for: argparse@1.0.10 want: ~1.0.2
600 timing idealTree:node_modules/pm2/node_modules/argparse Completed in 1ms
601 silly placeDep node_modules/pm2 fs.realpath@1.0.0 OK for: glob@7.2.3 want: ^1.0.0
602 silly placeDep node_modules/pm2 inflight@1.0.6 OK for: glob@7.2.3 want: ^1.0.4
603 silly placeDep node_modules/pm2 inherits@2.0.4 OK for: glob@7.2.3 want: 2
604 silly placeDep node_modules/pm2 minimatch@3.1.2 OK for: glob@7.2.3 want: ^3.1.1
605 silly placeDep node_modules/pm2 once@1.4.0 OK for: glob@7.2.3 want: ^1.3.0
606 silly placeDep node_modules/pm2 path-is-absolute@1.0.1 OK for: glob@7.2.3 want: ^1.0.0
607 silly fetch manifest wrappy@1
608 silly fetch manifest brace-expansion@^1.1.7
609 http fetch GET 200 https://registry.npmjs.org/brace-expansion 24ms (cache miss)
610 http fetch GET 200 https://registry.npmjs.org/wrappy 49ms (cache miss)
611 timing idealTree:node_modules/pm2/node_modules/glob Completed in 58ms
612 timing idealTree:node_modules/pm2/node_modules/fs.realpath Completed in 0ms
613 silly placeDep node_modules/pm2 wrappy@1.0.2 OK for: inflight@1.0.6 want: 1
614 timing idealTree:node_modules/pm2/node_modules/inflight Completed in 1ms
615 timing idealTree:node_modules/pm2/node_modules/inherits Completed in 0ms
616 silly placeDep node_modules/pm2 brace-expansion@1.1.11 OK for: minimatch@3.1.2 want: ^1.1.7
617 silly fetch manifest balanced-match@^1.0.0
618 silly fetch manifest concat-map@0.0.1
619 http fetch GET 200 https://registry.npmjs.org/balanced-match 28ms (cache miss)
620 http fetch GET 200 https://registry.npmjs.org/concat-map 29ms (cache miss)
621 timing idealTree:node_modules/pm2/node_modules/minimatch Completed in 32ms
622 silly placeDep node_modules/pm2 balanced-match@1.0.2 OK for: brace-expansion@1.1.11 want: ^1.0.0
623 silly placeDep node_modules/pm2 concat-map@0.0.1 OK for: brace-expansion@1.1.11 want: 0.0.1
624 timing idealTree:node_modules/pm2/node_modules/brace-expansion Completed in 3ms
625 timing idealTree:node_modules/pm2/node_modules/balanced-match Completed in 0ms
626 timing idealTree:node_modules/pm2/node_modules/concat-map Completed in 0ms
627 timing idealTree:node_modules/pm2/node_modules/once Completed in 0ms
628 timing idealTree:node_modules/pm2/node_modules/path-is-absolute Completed in 0ms
629 timing idealTree:node_modules/pm2/node_modules/wrappy Completed in 0ms
630 timing idealTree:node_modules/pm2/node_modules/@opencensus/core/node_modules/semver Completed in 0ms
631 silly placeDep node_modules/pm2/node_modules/@opencensus/propagation-b3 semver@5.7.2 OK for: @opencensus/core@0.0.8 want: ^5.5.0
632 timing idealTree:node_modules/pm2/node_modules/@opencensus/propagation-b3/node_modules/@opencensus/core Completed in 3ms
633 timing idealTree:node_modules/pm2/node_modules/@opencensus/propagation-b3/node_modules/semver Completed in 0ms
634 timing idealTree:node_modules/pm2/node_modules/@pm2/agent/node_modules/dayjs Completed in 0ms
635 silly placeDep node_modules/pm2 lodash@4.17.21 OK for: async@2.6.4 want: ^4.17.14
636 timing idealTree:node_modules/pm2/node_modules/@pm2/io/node_modules/async Completed in 1ms
637 timing idealTree:node_modules/pm2/node_modules/lodash Completed in 0ms
638 timing idealTree:node_modules/pm2/node_modules/@pm2/io/node_modules/eventemitter2 Completed in 0ms
639 timing idealTree:node_modules/pm2/node_modules/@pm2/js-api/node_modules/async Completed in 0ms
640 timing idealTree:node_modules/pm2/node_modules/@pm2/js-api/node_modules/eventemitter2 Completed in 0ms
641 timing idealTree:node_modules/pm2/node_modules/argparse/node_modules/sprintf-js Completed in 0ms
642 timing idealTree:node_modules/pm2/node_modules/ast-types/node_modules/tslib Completed in 0ms
643 timing idealTree:node_modules/pm2/node_modules/async-listener/node_modules/semver Completed in 0ms
644 timing idealTree:node_modules/pm2/node_modules/needle/node_modules/debug Completed in 0ms
645 timing idealTree:node_modules/pm2/node_modules/nssocket/node_modules/eventemitter2 Completed in 0ms
646 timing idealTree:node_modules/pm2/node_modules/pm2-sysmonit/node_modules/pidusage Completed in 0ms
647 silly placeDep node_modules/pm2 yallist@4.0.0 OK for: lru-cache@6.0.0 want: ^4.0.0
648 timing idealTree:node_modules/pm2/node_modules/semver/node_modules/lru-cache Completed in 1ms
649 timing idealTree:node_modules/pm2/node_modules/yallist Completed in 0ms
650 timing idealTree:node_modules/pm2/node_modules/socks/node_modules/ip Completed in 0ms
651 timing idealTree:node_modules/pm2/node_modules/vizion/node_modules/async Completed in 0ms
652 timing idealTree:buildDeps Completed in 3559ms
653 timing idealTree:fixDepFlags Completed in 3ms
654 warn EBADENGINE Unsupported engine {
654 warn EBADENGINE   package: 'proxy-agent@6.3.1',
654 warn EBADENGINE   required: { node: '>= 14' },
654 warn EBADENGINE   current: { node: 'v12.22.9', npm: '8.5.1' }
654 warn EBADENGINE }
655 warn EBADENGINE Unsupported engine {
655 warn EBADENGINE   package: 'agent-base@7.1.0',
655 warn EBADENGINE   required: { node: '>= 14' },
655 warn EBADENGINE   current: { node: 'v12.22.9', npm: '8.5.1' }
655 warn EBADENGINE }
656 warn EBADENGINE Unsupported engine {
656 warn EBADENGINE   package: 'http-proxy-agent@7.0.0',
656 warn EBADENGINE   required: { node: '>= 14' },
656 warn EBADENGINE   current: { node: 'v12.22.9', npm: '8.5.1' }
656 warn EBADENGINE }
657 warn EBADENGINE Unsupported engine {
657 warn EBADENGINE   package: 'https-proxy-agent@7.0.2',
657 warn EBADENGINE   required: { node: '>= 14' },
657 warn EBADENGINE   current: { node: 'v12.22.9', npm: '8.5.1' }
657 warn EBADENGINE }
658 warn EBADENGINE Unsupported engine {
658 warn EBADENGINE   package: 'pac-proxy-agent@7.0.1',
658 warn EBADENGINE   required: { node: '>= 14' },
658 warn EBADENGINE   current: { node: 'v12.22.9', npm: '8.5.1' }
658 warn EBADENGINE }
659 warn EBADENGINE Unsupported engine {
659 warn EBADENGINE   package: 'socks-proxy-agent@8.0.2',
659 warn EBADENGINE   required: { node: '>= 14' },
659 warn EBADENGINE   current: { node: 'v12.22.9', npm: '8.5.1' }
659 warn EBADENGINE }
660 warn EBADENGINE Unsupported engine {
660 warn EBADENGINE   package: 'get-uri@6.0.2',
660 warn EBADENGINE   required: { node: '>= 14' },
660 warn EBADENGINE   current: { node: 'v12.22.9', npm: '8.5.1' }
660 warn EBADENGINE }
661 warn EBADENGINE Unsupported engine {
661 warn EBADENGINE   package: 'pac-resolver@7.0.0',
661 warn EBADENGINE   required: { node: '>= 14' },
661 warn EBADENGINE   current: { node: 'v12.22.9', npm: '8.5.1' }
661 warn EBADENGINE }
662 warn EBADENGINE Unsupported engine {
662 warn EBADENGINE   package: 'data-uri-to-buffer@6.0.1',
662 warn EBADENGINE   required: { node: '>= 14' },
662 warn EBADENGINE   current: { node: 'v12.22.9', npm: '8.5.1' }
662 warn EBADENGINE }
663 warn EBADENGINE Unsupported engine {
663 warn EBADENGINE   package: 'degenerator@5.0.1',
663 warn EBADENGINE   required: { node: '>= 14' },
663 warn EBADENGINE   current: { node: 'v12.22.9', npm: '8.5.1' }
663 warn EBADENGINE }
664 timing idealTree Completed in 3589ms
665 timing reify:loadTrees Completed in 3593ms
666 timing reify:diffTrees Completed in 6ms
667 silly reify moves {}
668 timing reify:retireShallow Completed in 0ms
669 timing reify:rollback:createSparse Completed in 1ms
670 timing reify:rollback:retireShallow Completed in 0ms
671 timing command:install Completed in 3678ms
672 verbose stack Error: EACCES: permission denied, mkdir '/usr/local/lib/node_modules'
673 verbose cwd /home/ubuntu
674 verbose Linux 6.2.0-1012-aws
675 verbose argv "/usr/bin/node" "/usr/bin/npm" "install" "pm2" "-g"
676 verbose node v12.22.9
677 verbose npm  v8.5.1
678 error code EACCES
679 error syscall mkdir
680 error path /usr/local/lib/node_modules
681 error errno -13
682 error [Error: EACCES: permission denied, mkdir '/usr/local/lib/node_modules'] {
682 error   errno: -13,
682 error   code: 'EACCES',
682 error   syscall: 'mkdir',
682 error   path: '/usr/local/lib/node_modules'
682 error }
683 error
683 error The operation was rejected by your operating system.
683 error It is likely you do not have the permissions to access this file as the current user
683 error
683 error If you believe this might be a permissions issue, please double-check the
683 error permissions of the file and its containing directories, or try running
683 error the command again as root/Administrator.
684 verbose exit -13
685 timing npm Completed in 3962ms
686 verbose unfinished npm timer reify 1702594086390
687 verbose unfinished npm timer reify:createSparse 1702594090013
688 verbose code -13
689 error A complete log of this run can be found in:
689 error     /home/ubuntu/.npm/_logs/2023-12-14T22_48_06_108Z-debug-0.log
