0 verbose cli /home/ubuntu/.nvm/versions/node/v21.4.0/bin/node /home/ubuntu/.nvm/versions/node/v21.4.0/bin/npm
1 info using npm@10.2.4
2 info using node@v21.4.0
3 timing npm:load:whichnode Completed in 2ms
4 timing config:load:defaults Completed in 2ms
5 timing config:load:file:/home/ubuntu/.nvm/versions/node/v21.4.0/lib/node_modules/npm/npmrc Completed in 1ms
6 timing config:load:builtin Completed in 1ms
7 timing config:load:cli Completed in 3ms
8 timing config:load:env Completed in 0ms
9 timing config:load:file:/home/ubuntu/tastely/backend/.npmrc Completed in 0ms
10 timing config:load:project Completed in 4ms
11 timing config:load:file:/home/ubuntu/.npmrc Completed in 0ms
12 timing config:load:user Completed in 1ms
13 timing config:load:file:/home/ubuntu/.nvm/versions/node/v21.4.0/etc/npmrc Completed in 0ms
14 timing config:load:global Completed in 0ms
15 timing config:load:setEnvs Completed in 1ms
16 timing config:load Completed in 13ms
17 timing npm:load:configload Completed in 13ms
18 timing config:load:flatten Completed in 3ms
19 timing npm:load:mkdirpcache Completed in 0ms
20 timing npm:load:mkdirplogs Completed in 0ms
21 verbose title npm install firebase-admin
22 verbose argv "install" "firebase-admin" "--save"
23 timing npm:load:setTitle Completed in 0ms
24 timing npm:load:display Completed in 1ms
25 verbose logfile logs-max:10 dir:/home/ubuntu/.npm/_logs/2023-12-16T09_24_50_298Z-
26 verbose logfile /home/ubuntu/.npm/_logs/2023-12-16T09_24_50_298Z-debug-0.log
27 timing npm:load:logFile Completed in 10ms
28 timing npm:load:timers Completed in 0ms
29 timing npm:load:configScope Completed in 0ms
30 timing npm:load Completed in 45ms
31 timing arborist:ctor Completed in 1ms
32 silly logfile start cleaning logs, removing 1 files
33 silly logfile done cleaning log files
34 timing idealTree:init Completed in 227ms
35 timing idealTree:userRequests Completed in 2ms
36 silly idealTree buildDeps
37 silly fetch manifest firebase-admin@^12.0.0
38 timing arborist:ctor Completed in 0ms
39 http fetch GET 200 https://registry.npmjs.org/firebase-admin 202ms (cache revalidated)
40 silly placeDep ROOT firebase-admin@12.0.0 REPLACE for: backend@1.0.0 want: ^12.0.0
41 timing idealTree:#root Completed in 218ms
42 timing idealTree:node_modules/firebase-admin Completed in 0ms
43 timing idealTree:buildDeps Completed in 219ms
44 timing idealTree:fixDepFlags Completed in 4ms
45 timing idealTree Completed in 457ms
46 timing reify:loadTrees Completed in 458ms
47 timing reify:diffTrees Completed in 39ms
48 silly reify moves {}
49 timing reify:retireShallow Completed in 1ms
50 timing reify:createSparse Completed in 2ms
51 timing reify:loadBundles Completed in 0ms
52 silly audit bulk request {
52 silly audit   '@aws-crypto/ie11-detection': [ '3.0.0' ],
52 silly audit   tslib: [ '1.14.1', '2.5.0' ],
52 silly audit   '@aws-crypto/sha256-browser': [ '3.0.0' ],
52 silly audit   '@aws-crypto/sha256-js': [ '3.0.0' ],
52 silly audit   '@aws-crypto/supports-web-crypto': [ '3.0.0' ],
52 silly audit   '@aws-crypto/util': [ '3.0.0' ],
52 silly audit   '@aws-sdk/abort-controller': [ '3.267.0' ],
52 silly audit   '@aws-sdk/client-cognito-identity': [ '3.267.0' ],
52 silly audit   '@aws-sdk/client-sso': [ '3.267.0' ],
52 silly audit   '@aws-sdk/client-sso-oidc': [ '3.267.0' ],
52 silly audit   '@aws-sdk/client-sts': [ '3.267.0' ],
52 silly audit   '@aws-sdk/config-resolver': [ '3.267.0' ],
52 silly audit   '@aws-sdk/credential-provider-cognito-identity': [ '3.267.0' ],
52 silly audit   '@aws-sdk/credential-provider-env': [ '3.267.0' ],
52 silly audit   '@aws-sdk/credential-provider-imds': [ '3.267.0' ],
52 silly audit   '@aws-sdk/credential-provider-ini': [ '3.267.0' ],
52 silly audit   '@aws-sdk/credential-provider-node': [ '3.267.0' ],
52 silly audit   '@aws-sdk/credential-provider-process': [ '3.267.0' ],
52 silly audit   '@aws-sdk/credential-provider-sso': [ '3.267.0' ],
52 silly audit   '@aws-sdk/credential-provider-web-identity': [ '3.267.0' ],
52 silly audit   '@aws-sdk/credential-providers': [ '3.267.0' ],
52 silly audit   '@aws-sdk/fetch-http-handler': [ '3.267.0' ],
52 silly audit   '@aws-sdk/hash-node': [ '3.267.0' ],
52 silly audit   '@aws-sdk/invalid-dependency': [ '3.267.0' ],
52 silly audit   '@aws-sdk/is-array-buffer': [ '3.201.0' ],
52 silly audit   '@aws-sdk/middleware-content-length': [ '3.267.0' ],
52 silly audit   '@aws-sdk/middleware-endpoint': [ '3.267.0' ],
52 silly audit   '@aws-sdk/middleware-host-header': [ '3.267.0' ],
52 silly audit   '@aws-sdk/middleware-logger': [ '3.267.0' ],
52 silly audit   '@aws-sdk/middleware-recursion-detection': [ '3.267.0' ],
52 silly audit   '@aws-sdk/middleware-retry': [ '3.267.0' ],
52 silly audit   '@aws-sdk/middleware-sdk-sts': [ '3.267.0' ],
52 silly audit   '@aws-sdk/middleware-serde': [ '3.267.0' ],
52 silly audit   '@aws-sdk/middleware-signing': [ '3.267.0' ],
52 silly audit   '@aws-sdk/middleware-stack': [ '3.267.0' ],
52 silly audit   '@aws-sdk/middleware-user-agent': [ '3.267.0' ],
52 silly audit   '@aws-sdk/node-config-provider': [ '3.267.0' ],
52 silly audit   '@aws-sdk/node-http-handler': [ '3.267.0' ],
52 silly audit   '@aws-sdk/property-provider': [ '3.267.0' ],
52 silly audit   '@aws-sdk/protocol-http': [ '3.267.0' ],
52 silly audit   '@aws-sdk/querystring-builder': [ '3.267.0' ],
52 silly audit   '@aws-sdk/querystring-parser': [ '3.267.0' ],
52 silly audit   '@aws-sdk/service-error-classification': [ '3.267.0' ],
52 silly audit   '@aws-sdk/shared-ini-file-loader': [ '3.267.0' ],
52 silly audit   '@aws-sdk/signature-v4': [ '3.267.0' ],
52 silly audit   '@aws-sdk/smithy-client': [ '3.267.0' ],
52 silly audit   '@aws-sdk/token-providers': [ '3.267.0' ],
52 silly audit   '@aws-sdk/types': [ '3.267.0' ],
52 silly audit   '@aws-sdk/url-parser': [ '3.267.0' ],
52 silly audit   '@aws-sdk/util-base64': [ '3.208.0' ],
52 silly audit   '@aws-sdk/util-body-length-browser': [ '3.188.0' ],
52 silly audit   '@aws-sdk/util-body-length-node': [ '3.208.0' ],
52 silly audit   '@aws-sdk/util-buffer-from': [ '3.208.0' ],
52 silly audit   '@aws-sdk/util-config-provider': [ '3.208.0' ],
52 silly audit   '@aws-sdk/util-defaults-mode-browser': [ '3.267.0' ],
52 silly audit   '@aws-sdk/util-defaults-mode-node': [ '3.267.0' ],
52 silly audit   '@aws-sdk/util-endpoints': [ '3.267.0' ],
52 silly audit   '@aws-sdk/util-hex-encoding': [ '3.201.0' ],
52 silly audit   '@aws-sdk/util-locate-window': [ '3.208.0' ],
52 silly audit   '@aws-sdk/util-middleware': [ '3.267.0' ],
52 silly audit   '@aws-sdk/util-retry': [ '3.267.0' ],
52 silly audit   '@aws-sdk/util-uri-escape': [ '3.201.0' ],
52 silly audit   '@aws-sdk/util-user-agent-browser': [ '3.267.0' ],
52 silly audit   '@aws-sdk/util-user-agent-node': [ '3.267.0' ],
52 silly audit   '@aws-sdk/util-utf8': [ '3.254.0' ],
52 silly audit   '@aws-sdk/util-utf8-browser': [ '3.259.0' ],
52 silly audit   '@fastify/busboy': [ '1.2.1' ],
52 silly audit   '@firebase/app-check-interop-types': [ '0.3.0' ],
52 silly audit   '@firebase/app-types': [ '0.9.0' ],
52 silly audit   '@firebase/auth-interop-types': [ '0.2.1' ],
52 silly audit   '@firebase/component': [ '0.6.4' ],
52 silly audit   '@firebase/database': [ '1.0.2' ],
52 silly audit   '@firebase/database-compat': [ '1.0.2' ],
52 silly audit   '@firebase/database-types': [ '1.0.0' ],
52 silly audit   '@firebase/logger': [ '0.4.0' ],
52 silly audit   '@firebase/util': [ '1.9.3' ],
52 silly audit   '@google-cloud/firestore': [ '7.1.0' ],
52 silly audit   '@google-cloud/paginator': [ '5.0.0' ],
52 silly audit   '@google-cloud/projectify': [ '4.0.0' ],
52 silly audit   '@google-cloud/promisify': [ '4.0.0' ],
52 silly audit   '@google-cloud/storage': [ '7.7.0' ],
52 silly audit   'fast-xml-parser': [ '4.3.2', '4.0.11' ],
52 silly audit   mime: [ '3.0.0', '1.6.0' ],
52 silly audit   '@grpc/grpc-js': [ '1.9.13' ],
52 silly audit   '@grpc/proto-loader': [ '0.7.10' ],
52 silly audit   '@mapbox/node-pre-gyp': [ '1.0.11' ],
52 silly audit   nopt: [ '5.0.0', '1.0.10' ],
52 silly audit   semver: [ '7.5.4', '6.3.1', '5.7.1', '7.0.0' ],
52 silly audit   '@mongodb-js/saslprep': [ '1.1.1' ],
52 silly audit   '@protobufjs/aspromise': [ '1.1.2' ],
52 silly audit   '@protobufjs/base64': [ '1.1.2' ],
52 silly audit   '@protobufjs/codegen': [ '2.0.4' ],
52 silly audit   '@protobufjs/eventemitter': [ '1.1.0' ],
52 silly audit   '@protobufjs/fetch': [ '1.1.0' ],
52 silly audit   '@protobufjs/float': [ '1.0.2' ],
52 silly audit   '@protobufjs/inquire': [ '1.1.0' ],
52 silly audit   '@protobufjs/path': [ '1.1.2' ],
52 silly audit   '@protobufjs/pool': [ '1.1.0' ],
52 silly audit   '@protobufjs/utf8': [ '1.1.0' ],
52 silly audit   '@remix-run/router': [ '1.3.2' ],
52 silly audit   '@tootallnate/once': [ '2.0.0' ],
52 silly audit   '@types/body-parser': [ '1.19.5' ],
52 silly audit   '@types/caseless': [ '0.12.5' ],
52 silly audit   '@types/connect': [ '3.4.38' ],
52 silly audit   '@types/express': [ '4.17.21' ],
52 silly audit   '@types/express-serve-static-core': [ '4.17.41' ],
52 silly audit   '@types/http-errors': [ '2.0.4' ],
52 silly audit   '@types/jsonwebtoken': [ '9.0.5' ],
52 silly audit   '@types/long': [ '4.0.2' ],
52 silly audit   '@types/mime': [ '1.3.5' ],
52 silly audit   '@types/node': [ '20.10.4' ],
52 silly audit   '@types/qs': [ '6.9.10' ],
52 silly audit   '@types/range-parser': [ '1.2.7' ],
52 silly audit   '@types/request': [ '2.48.12' ],
52 silly audit   'form-data': [ '2.5.1', '4.0.0' ],
52 silly audit   '@types/send': [ '0.17.4' ],
52 silly audit   '@types/serve-static': [ '1.15.5' ],
52 silly audit   '@types/tough-cookie': [ '4.0.5' ],
52 silly audit   '@types/webidl-conversions': [ '7.0.3' ],
52 silly audit   '@types/whatwg-url': [ '11.0.3', '8.2.2' ],
52 silly audit   abbrev: [ '1.1.1' ],
52 silly audit   'abort-controller': [ '3.0.0' ],
52 silly audit   accepts: [ '1.3.8' ],
52 silly audit   'agent-base': [ '6.0.2', '7.1.0' ],
52 silly audit   debug: [ '4.3.4', '2.6.9', '3.2.7' ],
52 silly audit   ms: [ '2.1.2', '2.1.3', '2.0.0' ],
52 silly audit   'ansi-regex': [ '5.0.1' ],
52 silly audit   'ansi-styles': [ '4.3.0' ],
52 silly audit   anymatch: [ '3.1.3' ],
52 silly audit   aproba: [ '2.0.0' ],
52 silly audit   'are-we-there-yet': [ '2.0.0' ],
52 silly audit   'array-flatten': [ '1.1.1' ],
52 silly audit   arrify: [ '2.0.1' ],
52 silly audit   'async-retry': [ '1.3.3' ],
52 silly audit   asynckit: [ '0.4.0' ],
52 silly audit   axios: [ '1.3.3' ],
52 silly audit   'balanced-match': [ '1.0.2' ],
52 silly audit   'base64-js': [ '1.5.1' ],
52 silly audit   bcrypt: [ '5.1.1' ],
52 silly audit   'bignumber.js': [ '9.1.2' ],
52 silly audit   'binary-extensions': [ '2.2.0' ],
52 silly audit   'body-parser': [ '1.20.1' ],
52 silly audit   bowser: [ '2.11.0' ],
52 silly audit   'brace-expansion': [ '1.1.11' ],
52 silly audit   braces: [ '3.0.2' ],
52 silly audit   bson: [ '4.7.2', '6.2.0' ],
52 silly audit   buffer: [ '5.7.1' ],
52 silly audit   'buffer-equal-constant-time': [ '1.0.1' ],
52 silly audit   bytes: [ '3.1.2' ],
52 silly audit   'call-bind': [ '1.0.2' ],
52 silly audit   chokidar: [ '3.5.3' ],
52 silly audit   chownr: [ '2.0.0' ],
52 silly audit   cliui: [ '8.0.1' ],
52 silly audit   'color-convert': [ '2.0.1' ],
52 silly audit   'color-name': [ '1.1.4' ],
52 silly audit   'color-support': [ '1.1.3' ],
52 silly audit   'combined-stream': [ '1.0.8' ],
52 silly audit   compressible: [ '2.0.18' ],
52 silly audit   'concat-map': [ '0.0.1' ],
52 silly audit   'console-control-strings': [ '1.1.0' ],
52 silly audit   'content-disposition': [ '0.5.4' ],
52 silly audit   'content-type': [ '1.0.5' ],
52 silly audit   cookie: [ '0.5.0' ],
52 silly audit   'cookie-signature': [ '1.0.6' ],
52 silly audit   cors: [ '2.8.5' ],
52 silly audit   'delayed-stream': [ '1.0.0' ],
52 silly audit   delegates: [ '1.0.0' ],
52 silly audit   depd: [ '2.0.0' ],
52 silly audit   destroy: [ '1.2.0' ],
52 silly audit   'detect-libc': [ '2.0.2' ],
52 silly audit   duplexify: [ '4.1.2' ],
52 silly audit   'ecdsa-sig-formatter': [ '1.0.11' ],
52 silly audit   'ee-first': [ '1.1.1' ],
52 silly audit   'emoji-regex': [ '8.0.0' ],
52 silly audit   encodeurl: [ '1.0.2' ],
52 silly audit   'end-of-stream': [ '1.4.4' ],
52 silly audit   ent: [ '2.2.0' ],
52 silly audit   escalade: [ '3.1.1' ],
52 silly audit   'escape-html': [ '1.0.3' ],
52 silly audit   etag: [ '1.8.1' ],
52 silly audit   'event-target-shim': [ '5.0.1' ],
52 silly audit   express: [ '4.18.2' ],
52 silly audit   extend: [ '3.0.2' ],
52 silly audit   'fast-deep-equal': [ '3.1.3' ],
52 silly audit   'faye-websocket': [ '0.11.4' ],
52 silly audit   'fill-range': [ '7.0.1' ],
52 silly audit   finalhandler: [ '1.2.0' ],
52 silly audit   uuid: [ '9.0.1', '8.3.2' ],
52 silly audit   'follow-redirects': [ '1.15.2' ],
52 silly audit   forwarded: [ '0.2.0' ],
52 silly audit   fresh: [ '0.5.2' ],
52 silly audit   'fs-minipass': [ '2.1.0' ],
52 silly audit   minipass: [ '3.3.6', '5.0.0' ],
52 silly audit   'fs.realpath': [ '1.0.0' ],
52 silly audit   fsevents: [ '2.3.2' ],
52 silly audit   'function-bind': [ '1.1.1' ],
52 silly audit   'functional-red-black-tree': [ '1.0.1' ],
52 silly audit   gauge: [ '3.0.2' ],
52 silly audit   gaxios: [ '6.1.1', '5.1.3' ],
52 silly audit   'https-proxy-agent': [ '7.0.2', '5.0.1' ],
52 silly audit   'gcp-metadata': [ '5.3.0', '6.1.0' ],
52 silly audit   'get-caller-file': [ '2.0.5' ],
52 silly audit   'get-intrinsic': [ '1.2.0' ],
52 silly audit   glob: [ '7.2.3' ],
52 silly audit   'glob-parent': [ '5.1.2' ],
52 silly audit   'google-auth-library': [ '9.4.1' ],
52 silly audit   jwa: [ '2.0.0', '1.4.1' ],
52 silly audit   jws: [ '4.0.0', '3.2.2' ],
52 silly audit   'google-gax': [ '4.0.5' ],
52 silly audit   gtoken: [ '7.0.1' ],
52 silly audit   has: [ '1.0.3' ],
52 silly audit   'has-flag': [ '3.0.0' ],
52 silly audit   'has-symbols': [ '1.0.3' ],
52 silly audit   'has-unicode': [ '2.0.1' ],
52 silly audit   'http-errors': [ '2.0.0' ],
52 silly audit   'http-parser-js': [ '0.5.8' ],
52 silly audit   'http-proxy-agent': [ '5.0.0' ],
52 silly audit   'iconv-lite': [ '0.4.24' ],
52 silly audit   ieee754: [ '1.2.1' ],
52 silly audit   'ignore-by-default': [ '1.0.1' ],
52 silly audit   inflight: [ '1.0.6' ],
52 silly audit   inherits: [ '2.0.4' ],
52 silly audit   ip: [ '2.0.0' ],
52 silly audit   'ipaddr.js': [ '1.9.1' ],
52 silly audit   'is-binary-path': [ '2.1.0' ],
52 silly audit   'is-extglob': [ '2.1.1' ],
52 silly audit   'is-fullwidth-code-point': [ '3.0.0' ],
52 silly audit   'is-glob': [ '4.0.3' ],
52 silly audit   'is-number': [ '7.0.0' ],
52 silly audit   'is-stream': [ '2.0.1' ],
52 silly audit   jose: [ '4.15.4' ],
52 silly audit   'js-tokens': [ '4.0.0' ],
52 silly audit   'json-bigint': [ '1.0.0' ],
52 silly audit   jsonwebtoken: [ '9.0.2' ],
52 silly audit   'jwks-rsa': [ '3.1.0' ],
52 silly audit   kareem: [ '2.5.1' ],
52 silly audit   limiter: [ '1.1.5' ],
52 silly audit   'lodash.camelcase': [ '4.3.0' ],
52 silly audit   'lodash.clonedeep': [ '4.5.0' ],
52 silly audit   'lodash.includes': [ '4.3.0' ],
52 silly audit   'lodash.isboolean': [ '3.0.3' ],
52 silly audit   'lodash.isinteger': [ '4.0.4' ],
52 silly audit   'lodash.isnumber': [ '3.0.3' ],
52 silly audit   'lodash.isplainobject': [ '4.0.6' ],
52 silly audit   'lodash.isstring': [ '4.0.1' ],
52 silly audit   'lodash.once': [ '4.1.1' ],
52 silly audit   long: [ '5.2.3' ],
52 silly audit   'loose-envify': [ '1.4.0' ],
52 silly audit   'lru-cache': [ '6.0.0', '4.0.2' ],
52 silly audit   'lru-memoizer': [ '2.2.0' ],
52 silly audit   yallist: [ '2.1.2', '4.0.0' ],
52 silly audit   'make-dir': [ '3.1.0' ],
52 silly audit   'media-typer': [ '0.3.0' ],
52 silly audit   'memory-pager': [ '1.5.0' ],
52 silly audit   'merge-descriptors': [ '1.0.1' ],
52 silly audit   methods: [ '1.1.2' ],
52 silly audit   'mime-db': [ '1.52.0' ],
52 silly audit   'mime-types': [ '2.1.35' ],
52 silly audit   minimatch: [ '3.1.2' ],
52 silly audit   minizlib: [ '2.1.2' ],
52 silly audit   mkdirp: [ '1.0.4' ],
52 silly audit   mongodb: [ '6.3.0', '4.13.0' ],
52 silly audit   'mongodb-connection-string-url': [ '3.0.0', '2.6.0' ],
52 silly audit   mongoose: [ '6.9.1' ],
52 silly audit   tr46: [ '3.0.0', '0.0.3', '4.1.1' ],
52 silly audit   'whatwg-url': [ '11.0.0', '5.0.0', '13.0.0' ],
52 silly audit   mpath: [ '0.9.0' ],
52 silly audit   mquery: [ '4.0.3' ],
52 silly audit   negotiator: [ '0.6.3' ],
52 silly audit   'node-addon-api': [ '5.1.0' ],
52 silly audit   'node-fetch': [ '2.7.0' ],
52 silly audit   'webidl-conversions': [ '3.0.1', '7.0.0' ],
52 silly audit   'node-forge': [ '1.3.1' ],
52 silly audit   nodemon: [ '2.0.20' ],
52 silly audit   'normalize-path': [ '3.0.0' ],
52 silly audit   npmlog: [ '5.0.1' ],
52 silly audit   'object-assign': [ '4.1.1' ],
52 silly audit   'object-hash': [ '3.0.0' ],
52 silly audit   'object-inspect': [ '1.12.3' ],
52 silly audit   'on-finished': [ '2.4.1' ],
52 silly audit   once: [ '1.4.0' ],
52 silly audit   'p-limit': [ '3.1.0' ],
52 silly audit   parseurl: [ '1.3.3' ],
52 silly audit   'path-is-absolute': [ '1.0.1' ],
52 silly audit   'path-to-regexp': [ '0.1.7' ],
52 silly audit   picomatch: [ '2.3.1' ],
52 silly audit   'proto3-json-serializer': [ '2.0.0' ],
52 silly audit   protobufjs: [ '7.2.5' ],
52 silly audit   'proxy-addr': [ '2.0.7' ],
52 silly audit   'proxy-from-env': [ '1.1.0' ],
52 silly audit   pseudomap: [ '1.0.2' ],
52 silly audit   'pstree.remy': [ '1.1.8' ],
52 silly audit   punycode: [ '2.3.1' ],
52 silly audit   qs: [ '6.11.0' ],
52 silly audit   'range-parser': [ '1.2.1' ],
52 silly audit   'raw-body': [ '2.5.1' ],
52 silly audit   react: [ '18.2.0' ],
52 silly audit   'react-dom': [ '18.2.0' ],
52 silly audit   'react-router': [ '6.8.1' ],
52 silly audit   'react-router-dom': [ '6.8.1' ],
52 silly audit   'readable-stream': [ '3.6.2' ],
52 silly audit   readdirp: [ '3.6.0' ],
52 silly audit   'require-directory': [ '2.1.1' ],
52 silly audit   retry: [ '0.13.1' ],
52 silly audit   'retry-request': [ '7.0.1' ],
52 silly audit   rimraf: [ '3.0.2' ],
52 silly audit   'safe-buffer': [ '5.2.1' ],
52 silly audit   'safer-buffer': [ '2.1.2' ],
52 silly audit   saslprep: [ '1.0.3' ],
52 silly audit   scheduler: [ '0.23.0' ],
52 silly audit   send: [ '0.18.0' ],
52 silly audit   'serve-static': [ '1.15.0' ],
52 silly audit   'set-blocking': [ '2.0.0' ],
52 silly audit   setprototypeof: [ '1.2.0' ],
52 silly audit   'side-channel': [ '1.0.4' ],
52 silly audit   sift: [ '16.0.1' ],
52 silly audit   'signal-exit': [ '3.0.7' ],
52 silly audit   'simple-update-notifier': [ '1.1.0' ],
52 silly audit   'smart-buffer': [ '4.2.0' ],
52 silly audit   socks: [ '2.7.1' ],
52 silly audit   'sparse-bitfield': [ '3.0.3' ],
52 silly audit   statuses: [ '2.0.1' ],
52 silly audit   'stream-events': [ '1.0.5' ],
52 silly audit   'stream-shift': [ '1.0.1' ],
52 silly audit   string_decoder: [ '1.3.0' ],
52 silly audit   'string-width': [ '4.2.3' ],
52 silly audit   'strip-ansi': [ '6.0.1' ],
52 silly audit   strnum: [ '1.0.5' ],
52 silly audit   stubs: [ '3.0.0' ],
52 silly audit   'supports-color': [ '5.5.0' ],
52 silly audit   tar: [ '6.2.0' ],
52 silly audit   'teeny-request': [ '9.0.0' ],
52 silly audit   'text-decoding': [ '1.0.0' ],
52 silly audit   'to-regex-range': [ '5.0.1' ],
52 silly audit   toidentifier: [ '1.0.1' ],
52 silly audit   touch: [ '3.1.0' ],
52 silly audit   'type-is': [ '1.6.18' ],
52 silly audit   undefsafe: [ '2.0.5' ],
52 silly audit   'undici-types': [ '5.26.5' ],
52 silly audit   unpipe: [ '1.0.0' ],
52 silly audit   'util-deprecate': [ '1.0.2' ],
52 silly audit   'utils-merge': [ '1.0.1' ],
52 silly audit   vary: [ '1.1.2' ],
52 silly audit   'websocket-driver': [ '0.7.4' ],
52 silly audit   'websocket-extensions': [ '0.1.4' ],
52 silly audit   'wide-align': [ '1.1.5' ],
52 silly audit   'wrap-ansi': [ '7.0.0' ],
52 silly audit   wrappy: [ '1.0.2' ],
52 silly audit   y18n: [ '5.0.8' ],
52 silly audit   yargs: [ '17.7.2' ],
52 silly audit   'yargs-parser': [ '21.1.1' ],
52 silly audit   'yocto-queue': [ '0.1.0' ],
52 silly audit   'firebase-admin': [ '12.0.0' ]
52 silly audit }
53 verbose reify failed optional dependency /home/ubuntu/tastely/backend/node_modules/fsevents
54 silly reify mark deleted [ '/home/ubuntu/tastely/backend/node_modules/fsevents' ]
55 timing reifyNode:node_modules/fsevents Completed in 3ms
56 timing reify:unpack Completed in 4ms
57 timing reify:unretire Completed in 0ms
58 timing build:queue Completed in 1ms
59 timing build:deps Completed in 1ms
60 timing build Completed in 2ms
61 timing reify:build Completed in 2ms
62 timing reify:trash Completed in 1ms
63 timing reify:save Completed in 162ms
64 http fetch POST 200 https://registry.npmjs.org/-/npm/v1/security/advisories/bulk 262ms
65 timing auditReport:getReport Completed in 269ms
66 silly audit report {
66 silly audit report   'fast-xml-parser': [
66 silly audit report     {
66 silly audit report       id: 1095017,
66 silly audit report       url: 'https://github.com/advisories/GHSA-6w63-h3fj-q4vw',
66 silly audit report       title: 'fast-xml-parser vulnerable to Regex Injection via Doctype Entities',
66 silly audit report       severity: 'high',
66 silly audit report       vulnerable_versions: '<4.2.4',
66 silly audit report       cwe: [Array],
66 silly audit report       cvss: [Object]
66 silly audit report     },
66 silly audit report     {
66 silly audit report       id: 1095242,
66 silly audit report       url: 'https://github.com/advisories/GHSA-x3cc-x39p-42qx',
66 silly audit report       title: 'fast-xml-parser vulnerable to Prototype Pollution through tag or attribute name',
66 silly audit report       severity: 'moderate',
66 silly audit report       vulnerable_versions: '<4.1.2',
66 silly audit report       cwe: [Array],
66 silly audit report       cvss: [Object]
66 silly audit report     }
66 silly audit report   ],
66 silly audit report   semver: [
66 silly audit report     {
66 silly audit report       id: 1094554,
66 silly audit report       url: 'https://github.com/advisories/GHSA-c2qf-rxjj-qqgw',
66 silly audit report       title: 'semver vulnerable to Regular Expression Denial of Service',
66 silly audit report       severity: 'moderate',
66 silly audit report       vulnerable_versions: '<5.7.2',
66 silly audit report       cwe: [Array],
66 silly audit report       cvss: [Object]
66 silly audit report     },
66 silly audit report     {
66 silly audit report       id: 1094556,
66 silly audit report       url: 'https://github.com/advisories/GHSA-c2qf-rxjj-qqgw',
66 silly audit report       title: 'semver vulnerable to Regular Expression Denial of Service',
66 silly audit report       severity: 'moderate',
66 silly audit report       vulnerable_versions: '>=7.0.0 <7.5.2',
66 silly audit report       cwe: [Array],
66 silly audit report       cvss: [Object]
66 silly audit report     }
66 silly audit report   ],
66 silly audit report   axios: [
66 silly audit report     {
66 silly audit report       id: 1094889,
66 silly audit report       url: 'https://github.com/advisories/GHSA-wf5p-g6vw-rhxx',
66 silly audit report       title: 'Axios Cross-Site Request Forgery Vulnerability',
66 silly audit report       severity: 'moderate',
66 silly audit report       vulnerable_versions: '>=0.8.1 <1.6.0',
66 silly audit report       cwe: [Array],
66 silly audit report       cvss: [Object]
66 silly audit report     }
66 silly audit report   ],
66 silly audit report   mongodb: [
66 silly audit report     {
66 silly audit report       id: 1094774,
66 silly audit report       url: 'https://github.com/advisories/GHSA-vxvm-qww3-2fh7',
66 silly audit report       title: 'MongoDB Driver may publish events containing authentication-related data',
66 silly audit report       severity: 'moderate',
66 silly audit report       vulnerable_versions: '>=4.0.0 <4.17.0',
66 silly audit report       cwe: [Array],
66 silly audit report       cvss: [Object]
66 silly audit report     }
66 silly audit report   ],
66 silly audit report   mongoose: [
66 silly audit report     {
66 silly audit report       id: 1095081,
66 silly audit report       url: 'https://github.com/advisories/GHSA-9m93-w8w6-76hh',
66 silly audit report       title: 'Mongoose Prototype Pollution vulnerability',
66 silly audit report       severity: 'critical',
66 silly audit report       vulnerable_versions: '>=6.0.0 <6.11.3',
66 silly audit report       cwe: [Array],
66 silly audit report       cvss: [Object]
66 silly audit report     }
66 silly audit report   ]
66 silly audit report }
67 timing metavuln:cache:get:security-advisory:semver:l1tDy7O97QFlM1xILNFUBCQmggzITPCizAi6rglwrLx6WJD8/+Nr08rZZQPgz8j4tZouIVmDaMds0B6qrOWv+w== Completed in 9ms
68 timing metavuln:cache:get:security-advisory:axios:Jphyrph0xSBoV7rAKQ5sxe+Zizq65vm72MJltviDtKidjsZwX/gC36j+hz03tZ86vHMEkACxqA4FcmoDJt5vmg== Completed in 10ms
69 timing metavuln:cache:get:security-advisory:fast-xml-parser:Cl/zm+i2y8PlySStmfG+kuSKnaqSwYsI5rFkfu4SMXLGHqE+sNHbwcYsLbUZM7KYLLeOBBpy1FnASCcr5BvdQw== Completed in 11ms
70 timing metavuln:cache:get:security-advisory:fast-xml-parser:aTyMxakRnyWWMEoJ1Ex6vxJ0XL/9Q64C0d5uz9Z1PmFGlabWwrPgqd/fUU/EEgmd4SvDe4BHdOq2xQ0Ee365aw== Completed in 12ms
71 timing metavuln:cache:get:security-advisory:mongoose:GlI/umlkIS4hOh3EjUZDUNrMm+E/LcdW4fYuWJrv/hRyxO5zqCYw0pNEutJ+hhAJ7YYOBAvoP3m5kcJ2CQrYkw== Completed in 10ms
72 timing metavuln:cache:get:security-advisory:semver:3PyBKqoXEpiL7mFRG7u0gNFJbfuPkyG3pE4CL+7K43jfFC8aNmrbqXPNAP9cb7xSQVnnHiYFl6opVqdT+Xmf1g== Completed in 12ms
73 timing metavuln:cache:get:security-advisory:mongodb:CldKZw3Jgliv6dG/f58xFMjmGx4ZxRTYPrn+G2r7VPPHvLPidzcrjFjNbkP4kWhz55LH9nqSn1iJetvlmRMYJw== Completed in 22ms
74 http fetch GET 200 https://registry.npmjs.org/semver 40ms (cache revalidated)
75 timing metavuln:packument:semver Completed in 41ms
76 timing metavuln:load:security-advisory:semver:1094554 Completed in 1ms
77 timing metavuln:calculate:security-advisory:semver:1094554 Completed in 43ms
78 timing metavuln:load:security-advisory:semver:1094556 Completed in 0ms
79 timing metavuln:calculate:security-advisory:semver:1094556 Completed in 42ms
80 http fetch GET 200 https://registry.npmjs.org/axios 57ms (cache revalidated)
81 timing metavuln:packument:axios Completed in 60ms
82 timing metavuln:load:security-advisory:axios:1094889 Completed in 0ms
83 timing metavuln:calculate:security-advisory:axios:1094889 Completed in 60ms
84 http fetch GET 200 https://registry.npmjs.org/fast-xml-parser 66ms (cache revalidated)
85 timing metavuln:packument:fast-xml-parser Completed in 68ms
86 timing metavuln:load:security-advisory:fast-xml-parser:1095017 Completed in 1ms
87 timing metavuln:calculate:security-advisory:fast-xml-parser:1095017 Completed in 70ms
88 timing metavuln:load:security-advisory:fast-xml-parser:1095242 Completed in 1ms
89 timing metavuln:calculate:security-advisory:fast-xml-parser:1095242 Completed in 70ms
90 http fetch GET 200 https://registry.npmjs.org/mongoose 73ms (cache revalidated)
91 timing metavuln:packument:mongoose Completed in 85ms
92 timing metavuln:load:security-advisory:mongoose:1095081 Completed in 4ms
93 timing metavuln:calculate:security-advisory:mongoose:1095081 Completed in 89ms
94 http fetch GET 200 https://registry.npmjs.org/mongodb 90ms (cache revalidated)
95 timing metavuln:packument:mongodb Completed in 96ms
96 timing metavuln:load:security-advisory:mongodb:1094774 Completed in 2ms
97 timing metavuln:calculate:security-advisory:mongodb:1094774 Completed in 99ms
98 timing metavuln:cache:get:security-advisory:@aws-sdk/client-sts:TMZsp/eM07nZOerAYFwRgUfdI5jdShcPqUwlmf6GR3eE7EugVsSJFlMiFlSRi243Ii12Ir6VDgmstS6u454Mvg== Completed in 9ms
99 http fetch GET 200 https://registry.npmjs.org/@aws-sdk%2fclient-sts 61ms (cache revalidated)
100 timing metavuln:packument:@aws-sdk/client-sts Completed in 68ms
101 timing metavuln:load:security-advisory:@aws-sdk/client-sts:aTyMxakRnyWWMEoJ1Ex6vxJ0XL/9Q64C0d5uz9Z1PmFGlabWwrPgqd/fUU/EEgmd4SvDe4BHdOq2xQ0Ee365aw== Completed in 2ms
102 timing metavuln:calculate:security-advisory:@aws-sdk/client-sts:aTyMxakRnyWWMEoJ1Ex6vxJ0XL/9Q64C0d5uz9Z1PmFGlabWwrPgqd/fUU/EEgmd4SvDe4BHdOq2xQ0Ee365aw== Completed in 70ms
103 timing metavuln:cache:get:security-advisory:nodemon:KfK0IRnT/O/9ds3gv89corXlpBzbuSoMbsc+tc5MqM4wBL0cq29IdcG6TkiywgHgBNuV+VdKv2QskP7vV5ircA== Completed in 7ms
104 http fetch GET 200 https://registry.npmjs.org/nodemon 26ms (cache revalidated)
105 timing metavuln:packument:nodemon Completed in 29ms
106 timing metavuln:load:security-advisory:nodemon:3PyBKqoXEpiL7mFRG7u0gNFJbfuPkyG3pE4CL+7K43jfFC8aNmrbqXPNAP9cb7xSQVnnHiYFl6opVqdT+Xmf1g== Completed in 1ms
107 timing metavuln:calculate:security-advisory:nodemon:3PyBKqoXEpiL7mFRG7u0gNFJbfuPkyG3pE4CL+7K43jfFC8aNmrbqXPNAP9cb7xSQVnnHiYFl6opVqdT+Xmf1g== Completed in 31ms
108 timing metavuln:cache:get:security-advisory:simple-update-notifier:bhEuCInhGiFdO20XF4HgZbhGw9KcttcYHSzvuiRtqZTKY58zHnk7GtV+OqAco0ezzQ5B/w3vqbrGZYEnPcJ0sQ== Completed in 6ms
109 http fetch GET 200 https://registry.npmjs.org/simple-update-notifier 25ms (cache revalidated)
110 timing metavuln:packument:simple-update-notifier Completed in 25ms
111 timing metavuln:load:security-advisory:simple-update-notifier:l1tDy7O97QFlM1xILNFUBCQmggzITPCizAi6rglwrLx6WJD8/+Nr08rZZQPgz8j4tZouIVmDaMds0B6qrOWv+w== Completed in 0ms
112 timing metavuln:calculate:security-advisory:simple-update-notifier:l1tDy7O97QFlM1xILNFUBCQmggzITPCizAi6rglwrLx6WJD8/+Nr08rZZQPgz8j4tZouIVmDaMds0B6qrOWv+w== Completed in 26ms
113 timing metavuln:cache:get:security-advisory:mongoose:PQ3a4R2MKGIe09z0A2MtfSPSOHed7y7ln6bGSX2HxBt7lfHoQDj0Y+O1ZwsTZvuRWL2f3zTKw0Q+j5OldPwPYA== Completed in 6ms
114 timing metavuln:load:security-advisory:mongoose:CldKZw3Jgliv6dG/f58xFMjmGx4ZxRTYPrn+G2r7VPPHvLPidzcrjFjNbkP4kWhz55LH9nqSn1iJetvlmRMYJw== Completed in 3ms
115 timing metavuln:calculate:security-advisory:mongoose:CldKZw3Jgliv6dG/f58xFMjmGx4ZxRTYPrn+G2r7VPPHvLPidzcrjFjNbkP4kWhz55LH9nqSn1iJetvlmRMYJw== Completed in 9ms
116 timing metavuln:cache:get:security-advisory:@aws-sdk/client-cognito-identity:pbWrEVC2ZgqEQ5dsXlAHqjaiRJj5zCCCP719JlFTSvL17dogO3VHxawBQTUXgDI/VgLTSf6GjWeH37e+sb6+ug== Completed in 4ms
117 timing metavuln:cache:get:security-advisory:@aws-sdk/credential-providers:3ytB9zDI2Oy023MGHSRyh9GYojCZKkijpvpWRxcSUFUfJbI9ztVStvbDmedn5qXt5N4+I4GpOq43dkjJIZaD0w== Completed in 8ms
118 http fetch GET 200 https://registry.npmjs.org/@aws-sdk%2fcredential-providers 61ms (cache revalidated)
119 timing metavuln:packument:@aws-sdk/credential-providers Completed in 64ms
120 timing metavuln:load:security-advisory:@aws-sdk/credential-providers:TMZsp/eM07nZOerAYFwRgUfdI5jdShcPqUwlmf6GR3eE7EugVsSJFlMiFlSRi243Ii12Ir6VDgmstS6u454Mvg== Completed in 1ms
121 timing metavuln:calculate:security-advisory:@aws-sdk/credential-providers:TMZsp/eM07nZOerAYFwRgUfdI5jdShcPqUwlmf6GR3eE7EugVsSJFlMiFlSRi243Ii12Ir6VDgmstS6u454Mvg== Completed in 65ms
122 http fetch GET 200 https://registry.npmjs.org/@aws-sdk%2fclient-cognito-identity 70ms (cache revalidated)
123 timing metavuln:packument:@aws-sdk/client-cognito-identity Completed in 77ms
124 timing metavuln:load:security-advisory:@aws-sdk/client-cognito-identity:TMZsp/eM07nZOerAYFwRgUfdI5jdShcPqUwlmf6GR3eE7EugVsSJFlMiFlSRi243Ii12Ir6VDgmstS6u454Mvg== Completed in 2ms
125 timing metavuln:calculate:security-advisory:@aws-sdk/client-cognito-identity:TMZsp/eM07nZOerAYFwRgUfdI5jdShcPqUwlmf6GR3eE7EugVsSJFlMiFlSRi243Ii12Ir6VDgmstS6u454Mvg== Completed in 79ms
126 timing metavuln:cache:get:security-advisory:nodemon:XNtcMWNfHEo7r+iOHx+r+fxEh0VFL6At14oDn8q1IjFJw6ZrvwzCdKDBafiX9zN7p3XWoBlJZcNtR0GLTKpEhw== Completed in 11ms
127 timing metavuln:load:security-advisory:nodemon:bhEuCInhGiFdO20XF4HgZbhGw9KcttcYHSzvuiRtqZTKY58zHnk7GtV+OqAco0ezzQ5B/w3vqbrGZYEnPcJ0sQ== Completed in 1ms
128 timing metavuln:calculate:security-advisory:nodemon:bhEuCInhGiFdO20XF4HgZbhGw9KcttcYHSzvuiRtqZTKY58zHnk7GtV+OqAco0ezzQ5B/w3vqbrGZYEnPcJ0sQ== Completed in 12ms
129 timing metavuln:cache:get:security-advisory:mongodb:2y0J1k/hzwTR+XRLmq2+Ku+c0JsUKexFNHeblqpEpPfqJt0AS51hYcMaOQCXXaGLoHYt9gWk97s9q35Am35aTA== Completed in 10ms
130 timing metavuln:load:security-advisory:mongodb:3ytB9zDI2Oy023MGHSRyh9GYojCZKkijpvpWRxcSUFUfJbI9ztVStvbDmedn5qXt5N4+I4GpOq43dkjJIZaD0w== Completed in 2ms
131 timing metavuln:calculate:security-advisory:mongodb:3ytB9zDI2Oy023MGHSRyh9GYojCZKkijpvpWRxcSUFUfJbI9ztVStvbDmedn5qXt5N4+I4GpOq43dkjJIZaD0w== Completed in 12ms
132 timing metavuln:cache:get:security-advisory:@aws-sdk/credential-providers:qEDuwFKiKR4yZ5+YSBt6AuSnXb8Oe7iWsyFbcFGK6Pjavb4GpEt8Swf4j8CpKsW/K77yg2Z0naN7RD/4cd1I3g== Completed in 3ms
133 timing metavuln:load:security-advisory:@aws-sdk/credential-providers:pbWrEVC2ZgqEQ5dsXlAHqjaiRJj5zCCCP719JlFTSvL17dogO3VHxawBQTUXgDI/VgLTSf6GjWeH37e+sb6+ug== Completed in 1ms
134 timing metavuln:calculate:security-advisory:@aws-sdk/credential-providers:pbWrEVC2ZgqEQ5dsXlAHqjaiRJj5zCCCP719JlFTSvL17dogO3VHxawBQTUXgDI/VgLTSf6GjWeH37e+sb6+ug== Completed in 4ms
135 timing metavuln:cache:get:security-advisory:@aws-sdk/credential-provider-cognito-identity:GyweL1QoapUIuOsrpeV+NLXXJqbc4GNZGbQlKbwE3aiTg6RKrsQzKZsxUQc5pYJCILVGb6/dPV64xYKeEvQfyA== Completed in 6ms
136 http fetch GET 200 https://registry.npmjs.org/@aws-sdk%2fcredential-provider-cognito-identity 55ms (cache revalidated)
137 timing metavuln:packument:@aws-sdk/credential-provider-cognito-identity Completed in 59ms
138 timing metavuln:load:security-advisory:@aws-sdk/credential-provider-cognito-identity:pbWrEVC2ZgqEQ5dsXlAHqjaiRJj5zCCCP719JlFTSvL17dogO3VHxawBQTUXgDI/VgLTSf6GjWeH37e+sb6+ug== Completed in 1ms
139 timing metavuln:calculate:security-advisory:@aws-sdk/credential-provider-cognito-identity:pbWrEVC2ZgqEQ5dsXlAHqjaiRJj5zCCCP719JlFTSvL17dogO3VHxawBQTUXgDI/VgLTSf6GjWeH37e+sb6+ug== Completed in 60ms
140 timing metavuln:cache:get:security-advisory:@aws-sdk/credential-providers:gBKLi2baB2+4ESjah/TfMbMgIhpwz+N6ltWY8Z9ixUInZt5sY1jzjhmuVLfJKsLsdVk0x9bSh9tsjdFu1pmzJw== Completed in 11ms
141 timing metavuln:load:security-advisory:@aws-sdk/credential-providers:GyweL1QoapUIuOsrpeV+NLXXJqbc4GNZGbQlKbwE3aiTg6RKrsQzKZsxUQc5pYJCILVGb6/dPV64xYKeEvQfyA== Completed in 1ms
142 timing metavuln:calculate:security-advisory:@aws-sdk/credential-providers:GyweL1QoapUIuOsrpeV+NLXXJqbc4GNZGbQlKbwE3aiTg6RKrsQzKZsxUQc5pYJCILVGb6/dPV64xYKeEvQfyA== Completed in 12ms
143 timing auditReport:init Completed in 437ms
144 timing reify:audit Completed in 707ms
145 timing reify Completed in 1218ms
146 silly ADD
147 timing command:install Completed in 1258ms
148 verbose exit 0
149 timing npm Completed in 1483ms
150 info ok
